07/19/2022 07:59:50 pm Device: cuda
07/19/2022 07:59:50 pm Loading training file ...
07/19/2022 08:00:14 pm Loading test file ...
07/19/2022 08:00:21 pm Training set: 16500
07/19/2022 08:00:21 pm Test set:     4125
07/19/2022 08:05:09 pm Device: cuda
07/19/2022 08:05:09 pm Loading training file ...
07/19/2022 08:05:34 pm Loading test file ...
07/19/2022 08:05:41 pm Training set: 16500
07/19/2022 08:05:41 pm Test set:     4125
07/19/2022 08:05:41 pm model_name: CBRCNN1.0_s1&s2 
                 batch_size: 1 
                 num_epochs: 500 
                 learning_rate: 0.001
07/19/2022 08:05:41 pm *********************************
07/19/2022 08:05:41 pm epoch: 0
07/19/2022 08:05:41 pm *********************************
07/19/2022 08:05:41 pm 1. TRAINING:
07/19/2022 08:13:56 pm Device: cuda
07/19/2022 08:13:56 pm Loading training file ...
07/19/2022 08:14:20 pm Loading test file ...
07/19/2022 08:14:27 pm Training set: 16500
07/19/2022 08:14:27 pm Test set:     4125
07/19/2022 08:14:27 pm model_name: CBRCNN1.0_s1&s2 
                 batch_size: 1 
                 num_epochs: 500 
                 learning_rate: 0.001
07/19/2022 08:14:27 pm *********************************
07/19/2022 08:14:27 pm epoch: 0
07/19/2022 08:14:27 pm *********************************
07/19/2022 08:14:27 pm 1. TRAINING:
07/19/2022 09:36:31 pm Training:
07/19/2022 09:36:31 pm Loss s1, s2: 0.2792704999446869, 0.2773915231227875
07/19/2022 09:36:31 pm Validation:
07/19/2022 09:36:31 pm Loss s1, s2: 0.2845316529273987, 0.2824777364730835
07/19/2022 09:36:43 pm *********************************
07/19/2022 09:36:43 pm epoch: 1
07/19/2022 09:36:43 pm *********************************
07/19/2022 09:36:43 pm 1. TRAINING:
07/19/2022 10:57:57 pm Training:
07/19/2022 10:57:57 pm Loss s1, s2: 0.278829425573349, 0.2815439701080322
07/19/2022 10:57:57 pm Validation:
07/19/2022 10:57:57 pm Loss s1, s2: 0.28561046719551086, 0.2882605195045471
07/19/2022 10:58:04 pm *********************************
07/19/2022 10:58:04 pm epoch: 2
07/19/2022 10:58:04 pm *********************************
07/19/2022 10:58:04 pm 1. TRAINING:
07/20/2022 12:22:35 am Training:
07/20/2022 12:22:35 am Loss s1, s2: 0.27196571230888367, 0.27525758743286133
07/20/2022 12:22:35 am Validation:
07/20/2022 12:22:35 am Loss s1, s2: 0.2792271077632904, 0.2822270393371582
07/20/2022 12:22:41 am *********************************
07/20/2022 12:22:41 am epoch: 3
07/20/2022 12:22:41 am *********************************
07/20/2022 12:22:41 am 1. TRAINING:
07/20/2022 01:46:56 am Training:
07/20/2022 01:46:56 am Loss s1, s2: 0.266821026802063, 0.26677653193473816
07/20/2022 01:46:56 am Validation:
07/20/2022 01:46:56 am Loss s1, s2: 0.2748393714427948, 0.2742522954940796
07/20/2022 01:47:03 am *********************************
07/20/2022 01:47:03 am epoch: 4
07/20/2022 01:47:03 am *********************************
07/20/2022 01:47:03 am 1. TRAINING:
07/20/2022 03:11:11 am Training:
07/20/2022 03:11:11 am Loss s1, s2: 0.26332888007164, 0.2645188570022583
07/20/2022 03:11:11 am Validation:
07/20/2022 03:11:11 am Loss s1, s2: 0.2709575593471527, 0.2723016142845154
07/20/2022 03:11:18 am *********************************
07/20/2022 03:11:18 am epoch: 5
07/20/2022 03:11:18 am *********************************
07/20/2022 03:11:18 am 1. TRAINING:
07/20/2022 04:32:58 am Training:
07/20/2022 04:32:58 am Loss s1, s2: 0.2610014081001282, 0.2608606517314911
07/20/2022 04:32:58 am Validation:
07/20/2022 04:32:58 am Loss s1, s2: 0.2694215774536133, 0.26907047629356384
07/20/2022 04:33:04 am *********************************
07/20/2022 04:33:04 am epoch: 6
07/20/2022 04:33:04 am *********************************
07/20/2022 04:33:04 am 1. TRAINING:
07/20/2022 05:57:01 am Training:
07/20/2022 05:57:01 am Loss s1, s2: 0.2581399977207184, 0.25784432888031006
07/20/2022 05:57:01 am Validation:
07/20/2022 05:57:01 am Loss s1, s2: 0.2682077884674072, 0.26922377943992615
07/20/2022 05:57:08 am *********************************
07/20/2022 05:57:08 am epoch: 7
07/20/2022 05:57:08 am *********************************
07/20/2022 05:57:08 am 1. TRAINING:
07/20/2022 07:21:26 am Training:
07/20/2022 07:21:26 am Loss s1, s2: 0.25952622294425964, 0.2592330574989319
07/20/2022 07:21:26 am Validation:
07/20/2022 07:21:26 am Loss s1, s2: 0.26999709010124207, 0.2694551348686218
07/20/2022 07:21:32 am *********************************
07/20/2022 07:21:32 am epoch: 8
07/20/2022 07:21:32 am *********************************
07/20/2022 07:21:32 am 1. TRAINING:
07/20/2022 08:44:40 am Training:
07/20/2022 08:44:40 am Loss s1, s2: 0.2572287321090698, 0.2535570561885834
07/20/2022 08:44:40 am Validation:
07/20/2022 08:44:40 am Loss s1, s2: 0.268496572971344, 0.265044242143631
07/20/2022 08:44:47 am *********************************
07/20/2022 08:44:47 am epoch: 9
07/20/2022 08:44:47 am *********************************
07/20/2022 08:44:47 am 1. TRAINING:
07/20/2022 10:09:08 am Training:
07/20/2022 10:09:08 am Loss s1, s2: 0.25396186113357544, 0.25252053141593933
07/20/2022 10:09:08 am Validation:
07/20/2022 10:09:08 am Loss s1, s2: 0.2648944854736328, 0.26325348019599915
07/20/2022 10:09:15 am *********************************
07/20/2022 10:09:15 am epoch: 10
07/20/2022 10:09:15 am *********************************
07/20/2022 10:09:15 am 1. TRAINING:
