06/21/2022 07:17:22 am Device: cuda
06/21/2022 07:17:22 am Loading training file ...
06/21/2022 07:17:47 am Loading test file ...
06/21/2022 07:17:54 am Training set: 16500
06/21/2022 07:17:54 am Test set:     4125
06/21/2022 07:17:54 am model_name: BiLSTM0.0 
                 batch_size: 16 
                 num_epochs: 50 
                 learning_rate: 0.001
06/21/2022 07:17:54 am *********************************
06/21/2022 07:17:54 am epoch: 0
06/21/2022 07:17:54 am *********************************
06/21/2022 07:17:54 am 1. TRAINING:
06/21/2022 07:21:16 am Training:
06/21/2022 07:21:16 am Loss: 0.31422045826911926
06/21/2022 07:21:16 am Validation:
06/21/2022 07:21:16 am Loss: 0.317209929227829
06/21/2022 07:21:31 am *********************************
06/21/2022 07:21:31 am epoch: 1
06/21/2022 07:21:31 am *********************************
06/21/2022 07:21:31 am 1. TRAINING:
06/21/2022 07:24:54 am Training:
06/21/2022 07:24:54 am Loss: 0.2107718586921692
06/21/2022 07:24:54 am Validation:
06/21/2022 07:24:54 am Loss: 0.212727889418602
06/21/2022 07:25:04 am *********************************
06/21/2022 07:25:04 am epoch: 2
06/21/2022 07:25:04 am *********************************
06/21/2022 07:25:04 am 1. TRAINING:
06/21/2022 07:28:31 am Training:
06/21/2022 07:28:31 am Loss: 0.15890607237815857
06/21/2022 07:28:31 am Validation:
06/21/2022 07:28:31 am Loss: 0.15962180495262146
06/21/2022 07:28:40 am *********************************
06/21/2022 07:28:40 am epoch: 3
06/21/2022 07:28:40 am *********************************
06/21/2022 07:28:40 am 1. TRAINING:
06/21/2022 07:32:11 am Training:
06/21/2022 07:32:11 am Loss: 0.13043302297592163
06/21/2022 07:32:11 am Validation:
06/21/2022 07:32:11 am Loss: 0.13207252323627472
06/21/2022 07:32:21 am *********************************
06/21/2022 07:32:21 am epoch: 4
06/21/2022 07:32:21 am *********************************
06/21/2022 07:32:21 am 1. TRAINING:
06/21/2022 07:35:54 am Training:
06/21/2022 07:35:54 am Loss: 0.11456826329231262
06/21/2022 07:35:54 am Validation:
06/21/2022 07:35:54 am Loss: 0.11522912979125977
06/21/2022 07:36:04 am *********************************
06/21/2022 07:36:04 am epoch: 5
06/21/2022 07:36:04 am *********************************
06/21/2022 07:36:04 am 1. TRAINING:
06/21/2022 07:39:30 am Training:
06/21/2022 07:39:30 am Loss: 0.10439963638782501
06/21/2022 07:39:30 am Validation:
06/21/2022 07:39:30 am Loss: 0.10523639619350433
06/21/2022 07:39:40 am *********************************
06/21/2022 07:39:40 am epoch: 6
06/21/2022 07:39:40 am *********************************
06/21/2022 07:39:40 am 1. TRAINING:
06/21/2022 07:43:10 am Training:
06/21/2022 07:43:10 am Loss: 0.09788337349891663
06/21/2022 07:43:10 am Validation:
06/21/2022 07:43:10 am Loss: 0.0991278886795044
06/21/2022 07:43:19 am *********************************
06/21/2022 07:43:19 am epoch: 7
06/21/2022 07:43:19 am *********************************
06/21/2022 07:43:19 am 1. TRAINING:
06/21/2022 07:46:45 am Training:
06/21/2022 07:46:45 am Loss: 0.09429556131362915
06/21/2022 07:46:45 am Validation:
06/21/2022 07:46:45 am Loss: 0.09604912251234055
06/21/2022 07:46:55 am *********************************
06/21/2022 07:46:55 am epoch: 8
06/21/2022 07:46:55 am *********************************
06/21/2022 07:46:55 am 1. TRAINING:
06/21/2022 07:50:29 am Training:
06/21/2022 07:50:29 am Loss: 0.09212570637464523
06/21/2022 07:50:29 am Validation:
06/21/2022 07:50:29 am Loss: 0.09298413246870041
06/21/2022 07:50:38 am *********************************
06/21/2022 07:50:38 am epoch: 9
06/21/2022 07:50:38 am *********************************
06/21/2022 07:50:38 am 1. TRAINING:
06/21/2022 07:54:04 am Training:
06/21/2022 07:54:04 am Loss: 0.09184689074754715
06/21/2022 07:54:04 am Validation:
06/21/2022 07:54:04 am Loss: 0.09140234440565109
06/21/2022 07:54:13 am *********************************
06/21/2022 07:54:13 am epoch: 10
06/21/2022 07:54:13 am *********************************
06/21/2022 07:54:13 am 1. TRAINING:
06/21/2022 07:57:41 am Training:
06/21/2022 07:57:41 am Loss: 0.08988966047763824
06/21/2022 07:57:41 am Validation:
06/21/2022 07:57:41 am Loss: 0.0903925895690918
06/21/2022 07:57:56 am *********************************
06/21/2022 07:57:56 am epoch: 11
06/21/2022 07:57:56 am *********************************
06/21/2022 07:57:56 am 1. TRAINING:
06/21/2022 08:01:28 am Training:
06/21/2022 08:01:28 am Loss: 0.08816039562225342
06/21/2022 08:01:28 am Validation:
06/21/2022 08:01:28 am Loss: 0.08907385170459747
06/21/2022 08:01:37 am *********************************
06/21/2022 08:01:37 am epoch: 12
06/21/2022 08:01:37 am *********************************
06/21/2022 08:01:37 am 1. TRAINING:
06/21/2022 08:05:05 am Training:
06/21/2022 08:05:05 am Loss: 0.08864866942167282
06/21/2022 08:05:05 am Validation:
06/21/2022 08:05:05 am Loss: 0.09053239226341248
06/21/2022 08:05:15 am *********************************
06/21/2022 08:05:15 am epoch: 13
06/21/2022 08:05:15 am *********************************
06/21/2022 08:05:15 am 1. TRAINING:
06/21/2022 08:08:43 am Training:
06/21/2022 08:08:43 am Loss: 0.08800332248210907
06/21/2022 08:08:43 am Validation:
06/21/2022 08:08:43 am Loss: 0.08879978209733963
06/21/2022 08:08:53 am *********************************
06/21/2022 08:08:53 am epoch: 14
06/21/2022 08:08:53 am *********************************
06/21/2022 08:08:53 am 1. TRAINING:
06/21/2022 08:12:19 am Training:
06/21/2022 08:12:19 am Loss: 0.08815738558769226
06/21/2022 08:12:19 am Validation:
06/21/2022 08:12:19 am Loss: 0.08893784135580063
06/21/2022 08:12:28 am *********************************
06/21/2022 08:12:28 am epoch: 15
06/21/2022 08:12:28 am *********************************
06/21/2022 08:12:28 am 1. TRAINING:
06/21/2022 08:15:52 am Training:
06/21/2022 08:15:52 am Loss: 0.0874164029955864
06/21/2022 08:15:52 am Validation:
06/21/2022 08:15:52 am Loss: 0.08801440894603729
06/21/2022 08:16:01 am *********************************
06/21/2022 08:16:01 am epoch: 16
06/21/2022 08:16:01 am *********************************
06/21/2022 08:16:01 am 1. TRAINING:
06/21/2022 08:19:26 am Training:
06/21/2022 08:19:26 am Loss: 0.08633975684642792
06/21/2022 08:19:26 am Validation:
06/21/2022 08:19:26 am Loss: 0.08759931474924088
06/21/2022 08:19:36 am *********************************
06/21/2022 08:19:36 am epoch: 17
06/21/2022 08:19:36 am *********************************
06/21/2022 08:19:36 am 1. TRAINING:
06/21/2022 08:23:00 am Training:
06/21/2022 08:23:00 am Loss: 0.0903313085436821
06/21/2022 08:23:00 am Validation:
06/21/2022 08:23:00 am Loss: 0.08917546272277832
06/21/2022 08:23:09 am *********************************
06/21/2022 08:23:09 am epoch: 18
06/21/2022 08:23:09 am *********************************
06/21/2022 08:23:09 am 1. TRAINING:
06/21/2022 08:26:39 am Training:
06/21/2022 08:26:39 am Loss: 0.08662408590316772
06/21/2022 08:26:39 am Validation:
06/21/2022 08:26:39 am Loss: 0.08819478005170822
06/21/2022 08:26:48 am *********************************
06/21/2022 08:26:48 am epoch: 19
06/21/2022 08:26:48 am *********************************
06/21/2022 08:26:48 am 1. TRAINING:
06/21/2022 08:30:05 am Training:
06/21/2022 08:30:05 am Loss: 0.08665143698453903
06/21/2022 08:30:05 am Validation:
06/21/2022 08:30:05 am Loss: 0.08780325204133987
06/21/2022 08:30:15 am *********************************
06/21/2022 08:30:15 am epoch: 20
06/21/2022 08:30:15 am *********************************
06/21/2022 08:30:15 am 1. TRAINING:
06/21/2022 08:33:17 am Training:
06/21/2022 08:33:17 am Loss: 0.0860288143157959
06/21/2022 08:33:17 am Validation:
06/21/2022 08:33:17 am Loss: 0.08758939802646637
06/21/2022 08:33:32 am *********************************
06/21/2022 08:33:32 am epoch: 21
06/21/2022 08:33:32 am *********************************
06/21/2022 08:33:32 am 1. TRAINING:
06/21/2022 08:36:38 am Training:
06/21/2022 08:36:38 am Loss: 0.08818386495113373
06/21/2022 08:36:38 am Validation:
06/21/2022 08:36:38 am Loss: 0.08845287561416626
06/21/2022 08:36:47 am *********************************
06/21/2022 08:36:47 am epoch: 22
06/21/2022 08:36:47 am *********************************
06/21/2022 08:36:47 am 1. TRAINING:
06/21/2022 08:40:12 am Training:
06/21/2022 08:40:12 am Loss: 0.08564043045043945
06/21/2022 08:40:12 am Validation:
06/21/2022 08:40:12 am Loss: 0.08628951758146286
06/21/2022 08:40:21 am *********************************
06/21/2022 08:40:21 am epoch: 23
06/21/2022 08:40:21 am *********************************
06/21/2022 08:40:21 am 1. TRAINING:
06/21/2022 08:43:40 am Training:
06/21/2022 08:43:40 am Loss: 0.08551357686519623
06/21/2022 08:43:40 am Validation:
06/21/2022 08:43:40 am Loss: 0.08704942464828491
06/21/2022 08:43:49 am *********************************
06/21/2022 08:43:49 am epoch: 24
06/21/2022 08:43:49 am *********************************
06/21/2022 08:43:49 am 1. TRAINING:
06/21/2022 08:47:17 am Training:
06/21/2022 08:47:17 am Loss: 0.0855594128370285
06/21/2022 08:47:17 am Validation:
06/21/2022 08:47:17 am Loss: 0.08626709878444672
06/21/2022 08:47:26 am *********************************
06/21/2022 08:47:26 am epoch: 25
06/21/2022 08:47:26 am *********************************
06/21/2022 08:47:26 am 1. TRAINING:
06/21/2022 08:50:51 am Training:
06/21/2022 08:50:51 am Loss: 0.08427538722753525
06/21/2022 08:50:51 am Validation:
06/21/2022 08:50:51 am Loss: 0.08550158888101578
06/21/2022 08:51:00 am *********************************
06/21/2022 08:51:00 am epoch: 26
06/21/2022 08:51:00 am *********************************
06/21/2022 08:51:00 am 1. TRAINING:
06/21/2022 08:54:29 am Training:
06/21/2022 08:54:29 am Loss: 0.08506661653518677
06/21/2022 08:54:29 am Validation:
06/21/2022 08:54:29 am Loss: 0.0863630399107933
06/21/2022 08:54:38 am *********************************
06/21/2022 08:54:38 am epoch: 27
06/21/2022 08:54:38 am *********************************
06/21/2022 08:54:38 am 1. TRAINING:
06/21/2022 08:58:04 am Training:
06/21/2022 08:58:04 am Loss: 0.08375002443790436
06/21/2022 08:58:04 am Validation:
06/21/2022 08:58:04 am Loss: 0.08538588881492615
06/21/2022 08:58:12 am *********************************
06/21/2022 08:58:12 am epoch: 28
06/21/2022 08:58:12 am *********************************
06/21/2022 08:58:12 am 1. TRAINING:
06/21/2022 09:01:36 am Training:
06/21/2022 09:01:36 am Loss: 0.08400638401508331
06/21/2022 09:01:36 am Validation:
06/21/2022 09:01:36 am Loss: 0.08535616844892502
06/21/2022 09:01:44 am *********************************
06/21/2022 09:01:44 am epoch: 29
06/21/2022 09:01:44 am *********************************
06/21/2022 09:01:44 am 1. TRAINING:
06/21/2022 09:05:08 am Training:
06/21/2022 09:05:08 am Loss: 0.08380419760942459
06/21/2022 09:05:08 am Validation:
06/21/2022 09:05:08 am Loss: 0.08466046303510666
06/21/2022 09:05:16 am *********************************
06/21/2022 09:05:16 am epoch: 30
06/21/2022 09:05:16 am *********************************
06/21/2022 09:05:16 am 1. TRAINING:
06/21/2022 09:08:40 am Training:
06/21/2022 09:08:40 am Loss: 0.08316612243652344
06/21/2022 09:08:40 am Validation:
06/21/2022 09:08:40 am Loss: 0.08455942571163177
06/21/2022 09:08:54 am *********************************
06/21/2022 09:08:54 am epoch: 31
06/21/2022 09:08:54 am *********************************
06/21/2022 09:08:54 am 1. TRAINING:
06/21/2022 09:12:18 am Training:
06/21/2022 09:12:18 am Loss: 0.08325912803411484
06/21/2022 09:12:18 am Validation:
06/21/2022 09:12:18 am Loss: 0.08492899686098099
06/21/2022 09:12:27 am *********************************
06/21/2022 09:12:27 am epoch: 32
06/21/2022 09:12:27 am *********************************
06/21/2022 09:12:27 am 1. TRAINING:
06/21/2022 09:15:53 am Training:
06/21/2022 09:15:53 am Loss: 0.08117298781871796
06/21/2022 09:15:53 am Validation:
06/21/2022 09:15:53 am Loss: 0.08432592451572418
06/21/2022 09:16:02 am *********************************
06/21/2022 09:16:02 am epoch: 33
06/21/2022 09:16:02 am *********************************
06/21/2022 09:16:02 am 1. TRAINING:
06/21/2022 09:19:22 am Training:
06/21/2022 09:19:22 am Loss: 0.08272252231836319
06/21/2022 09:19:22 am Validation:
06/21/2022 09:19:22 am Loss: 0.08496219664812088
06/21/2022 09:19:31 am *********************************
06/21/2022 09:19:31 am epoch: 34
06/21/2022 09:19:31 am *********************************
06/21/2022 09:19:31 am 1. TRAINING:
06/21/2022 09:22:59 am Training:
06/21/2022 09:22:59 am Loss: 0.08079324662685394
06/21/2022 09:22:59 am Validation:
06/21/2022 09:22:59 am Loss: 0.08374328166246414
06/21/2022 09:23:07 am *********************************
06/21/2022 09:23:07 am epoch: 35
06/21/2022 09:23:07 am *********************************
06/21/2022 09:23:07 am 1. TRAINING:
06/21/2022 09:26:31 am Training:
06/21/2022 09:26:31 am Loss: 0.08245888352394104
06/21/2022 09:26:31 am Validation:
06/21/2022 09:26:31 am Loss: 0.08433495461940765
06/21/2022 09:26:40 am *********************************
06/21/2022 09:26:40 am epoch: 36
06/21/2022 09:26:40 am *********************************
06/21/2022 09:26:40 am 1. TRAINING:
06/21/2022 09:30:09 am Training:
06/21/2022 09:30:09 am Loss: 0.08119671046733856
06/21/2022 09:30:09 am Validation:
06/21/2022 09:30:09 am Loss: 0.08458183705806732
06/21/2022 09:30:17 am *********************************
06/21/2022 09:30:17 am epoch: 37
06/21/2022 09:30:17 am *********************************
06/21/2022 09:30:17 am 1. TRAINING:
06/21/2022 09:33:44 am Training:
06/21/2022 09:33:44 am Loss: 0.08078400045633316
06/21/2022 09:33:44 am Validation:
06/21/2022 09:33:44 am Loss: 0.08366534858942032
06/21/2022 09:33:53 am *********************************
06/21/2022 09:33:53 am epoch: 38
06/21/2022 09:33:53 am *********************************
06/21/2022 09:33:53 am 1. TRAINING:
06/21/2022 09:37:16 am Training:
06/21/2022 09:37:16 am Loss: 0.08339012414216995
06/21/2022 09:37:16 am Validation:
06/21/2022 09:37:16 am Loss: 0.08508307486772537
06/21/2022 09:37:24 am *********************************
06/21/2022 09:37:24 am epoch: 39
06/21/2022 09:37:24 am *********************************
06/21/2022 09:37:24 am 1. TRAINING:
06/21/2022 09:40:51 am Training:
06/21/2022 09:40:51 am Loss: 0.08129167556762695
06/21/2022 09:40:51 am Validation:
06/21/2022 09:40:51 am Loss: 0.0841684564948082
06/21/2022 09:41:00 am *********************************
06/21/2022 09:41:00 am epoch: 40
06/21/2022 09:41:00 am *********************************
06/21/2022 09:41:00 am 1. TRAINING:
06/21/2022 09:44:24 am Training:
06/21/2022 09:44:24 am Loss: 0.08296912163496017
06/21/2022 09:44:24 am Validation:
06/21/2022 09:44:24 am Loss: 0.08475130796432495
06/21/2022 09:44:38 am *********************************
06/21/2022 09:44:38 am epoch: 41
06/21/2022 09:44:38 am *********************************
06/21/2022 09:44:38 am 1. TRAINING:
06/21/2022 09:48:08 am Training:
06/21/2022 09:48:08 am Loss: 0.08342021703720093
06/21/2022 09:48:08 am Validation:
06/21/2022 09:48:08 am Loss: 0.08471119403839111
06/21/2022 09:48:17 am *********************************
06/21/2022 09:48:17 am epoch: 42
06/21/2022 09:48:17 am *********************************
06/21/2022 09:48:17 am 1. TRAINING:
06/21/2022 09:51:42 am Training:
06/21/2022 09:51:42 am Loss: 0.08199956268072128
06/21/2022 09:51:42 am Validation:
06/21/2022 09:51:42 am Loss: 0.08394089341163635
06/21/2022 09:51:50 am *********************************
06/21/2022 09:51:50 am epoch: 43
06/21/2022 09:51:50 am *********************************
06/21/2022 09:51:50 am 1. TRAINING:
06/21/2022 09:55:10 am Training:
06/21/2022 09:55:10 am Loss: 0.08385363966226578
06/21/2022 09:55:10 am Validation:
06/21/2022 09:55:10 am Loss: 0.08523834496736526
06/21/2022 09:55:19 am *********************************
06/21/2022 09:55:19 am epoch: 44
06/21/2022 09:55:19 am *********************************
06/21/2022 09:55:19 am 1. TRAINING:
06/21/2022 09:58:45 am Training:
06/21/2022 09:58:45 am Loss: 0.08040734380483627
06/21/2022 09:58:45 am Validation:
06/21/2022 09:58:45 am Loss: 0.08337485045194626
06/21/2022 09:58:54 am *********************************
06/21/2022 09:58:54 am epoch: 45
06/21/2022 09:58:54 am *********************************
06/21/2022 09:58:54 am 1. TRAINING:
06/21/2022 10:02:18 am Training:
06/21/2022 10:02:18 am Loss: 0.0827697217464447
06/21/2022 10:02:18 am Validation:
06/21/2022 10:02:18 am Loss: 0.0852055475115776
06/21/2022 10:02:27 am *********************************
06/21/2022 10:02:27 am epoch: 46
06/21/2022 10:02:27 am *********************************
06/21/2022 10:02:27 am 1. TRAINING:
06/21/2022 10:05:54 am Training:
06/21/2022 10:05:54 am Loss: 0.08235698938369751
06/21/2022 10:05:54 am Validation:
06/21/2022 10:05:54 am Loss: 0.0845009833574295
06/21/2022 10:06:02 am *********************************
06/21/2022 10:06:02 am epoch: 47
06/21/2022 10:06:02 am *********************************
06/21/2022 10:06:02 am 1. TRAINING:
06/21/2022 10:09:27 am Training:
06/21/2022 10:09:27 am Loss: 0.08272773027420044
06/21/2022 10:09:27 am Validation:
06/21/2022 10:09:27 am Loss: 0.08423305302858353
06/21/2022 10:09:36 am *********************************
06/21/2022 10:09:36 am epoch: 48
06/21/2022 10:09:36 am *********************************
06/21/2022 10:09:36 am 1. TRAINING:
06/21/2022 10:13:02 am Training:
06/21/2022 10:13:02 am Loss: 0.0812850147485733
06/21/2022 10:13:02 am Validation:
06/21/2022 10:13:02 am Loss: 0.08363772183656693
06/21/2022 10:13:11 am *********************************
06/21/2022 10:13:11 am epoch: 49
06/21/2022 10:13:11 am *********************************
06/21/2022 10:13:11 am 1. TRAINING:
06/21/2022 10:16:34 am Training:
06/21/2022 10:16:34 am Loss: 0.08034737408161163
06/21/2022 10:16:34 am Validation:
06/21/2022 10:16:34 am Loss: 0.08370696753263474
06/21/2022 10:16:42 am model_name: BiLSTM0.0 
                 batch_size: 16 
                  num_epochs: 50 
                 learning_rate: 0.001 
 
