06/20/2022 10:38:18 am Device: cuda
06/20/2022 10:38:18 am Loading training file ...
06/20/2022 10:38:43 am Loading test file ...
06/20/2022 10:38:49 am Training set: 16500
06/20/2022 10:38:49 am Test set:     4125
06/20/2022 10:38:49 am model_name: BiLSTM0.3 
                 batch_size: 16 
                 num_epochs: 500 
                 learning_rate: 0.001
06/20/2022 10:38:49 am *********************************
06/20/2022 10:38:49 am epoch: 0
06/20/2022 10:38:49 am *********************************
06/20/2022 10:38:49 am 1. TRAINING:
06/20/2022 10:44:59 am Training:
06/20/2022 10:44:59 am Loss: 0.33849310874938965
06/20/2022 10:44:59 am Validation:
06/20/2022 10:44:59 am Loss: 0.3420816659927368
06/20/2022 10:45:14 am *********************************
06/20/2022 10:45:14 am epoch: 1
06/20/2022 10:45:14 am *********************************
06/20/2022 10:45:14 am 1. TRAINING:
06/20/2022 10:51:17 am Training:
06/20/2022 10:51:17 am Loss: 0.22231298685073853
06/20/2022 10:51:17 am Validation:
06/20/2022 10:51:17 am Loss: 0.22461645305156708
06/20/2022 10:51:26 am *********************************
06/20/2022 10:51:26 am epoch: 2
06/20/2022 10:51:26 am *********************************
06/20/2022 10:51:26 am 1. TRAINING:
06/20/2022 10:57:32 am Training:
06/20/2022 10:57:32 am Loss: 0.16500376164913177
06/20/2022 10:57:32 am Validation:
06/20/2022 10:57:32 am Loss: 0.16595926880836487
06/20/2022 10:57:41 am *********************************
06/20/2022 10:57:41 am epoch: 3
06/20/2022 10:57:41 am *********************************
06/20/2022 10:57:41 am 1. TRAINING:
06/20/2022 11:03:50 am Training:
06/20/2022 11:03:50 am Loss: 0.1341833621263504
06/20/2022 11:03:50 am Validation:
06/20/2022 11:03:50 am Loss: 0.13505539298057556
06/20/2022 11:03:59 am *********************************
06/20/2022 11:03:59 am epoch: 4
06/20/2022 11:03:59 am *********************************
06/20/2022 11:03:59 am 1. TRAINING:
06/20/2022 11:10:06 am Training:
06/20/2022 11:10:06 am Loss: 0.11486706137657166
06/20/2022 11:10:06 am Validation:
06/20/2022 11:10:06 am Loss: 0.11660239100456238
06/20/2022 11:10:15 am *********************************
06/20/2022 11:10:15 am epoch: 5
06/20/2022 11:10:15 am *********************************
06/20/2022 11:10:15 am 1. TRAINING:
06/20/2022 11:16:24 am Training:
06/20/2022 11:16:24 am Loss: 0.10454374551773071
06/20/2022 11:16:24 am Validation:
06/20/2022 11:16:24 am Loss: 0.10544516891241074
06/20/2022 11:16:33 am *********************************
06/20/2022 11:16:33 am epoch: 6
06/20/2022 11:16:33 am *********************************
06/20/2022 11:16:33 am 1. TRAINING:
06/20/2022 11:22:41 am Training:
06/20/2022 11:22:41 am Loss: 0.09760761260986328
06/20/2022 11:22:41 am Validation:
06/20/2022 11:22:41 am Loss: 0.09922002255916595
06/20/2022 11:22:50 am *********************************
06/20/2022 11:22:50 am epoch: 7
06/20/2022 11:22:50 am *********************************
06/20/2022 11:22:50 am 1. TRAINING:
06/20/2022 11:28:57 am Training:
06/20/2022 11:28:57 am Loss: 0.09213623404502869
06/20/2022 11:28:57 am Validation:
06/20/2022 11:28:57 am Loss: 0.09439177066087723
06/20/2022 11:29:07 am *********************************
06/20/2022 11:29:07 am epoch: 8
06/20/2022 11:29:07 am *********************************
06/20/2022 11:29:07 am 1. TRAINING:
06/20/2022 11:35:08 am Training:
06/20/2022 11:35:08 am Loss: 0.09182818233966827
06/20/2022 11:35:08 am Validation:
06/20/2022 11:35:08 am Loss: 0.09275048226118088
06/20/2022 11:35:17 am *********************************
06/20/2022 11:35:17 am epoch: 9
06/20/2022 11:35:17 am *********************************
06/20/2022 11:35:17 am 1. TRAINING:
06/20/2022 11:41:22 am Training:
06/20/2022 11:41:22 am Loss: 0.08934243023395538
06/20/2022 11:41:22 am Validation:
06/20/2022 11:41:22 am Loss: 0.0911918431520462
06/20/2022 11:41:31 am *********************************
06/20/2022 11:41:31 am epoch: 10
06/20/2022 11:41:31 am *********************************
06/20/2022 11:41:31 am 1. TRAINING:
06/20/2022 11:47:39 am Training:
06/20/2022 11:47:39 am Loss: 0.08782628923654556
06/20/2022 11:47:39 am Validation:
06/20/2022 11:47:39 am Loss: 0.08923625200986862
06/20/2022 11:47:54 am *********************************
06/20/2022 11:47:54 am epoch: 11
06/20/2022 11:47:54 am *********************************
06/20/2022 11:47:54 am 1. TRAINING:
06/20/2022 11:54:03 am Training:
06/20/2022 11:54:03 am Loss: 0.08656549453735352
06/20/2022 11:54:03 am Validation:
06/20/2022 11:54:03 am Loss: 0.08857456594705582
06/20/2022 11:54:12 am *********************************
06/20/2022 11:54:12 am epoch: 12
06/20/2022 11:54:12 am *********************************
06/20/2022 11:54:12 am 1. TRAINING:
06/20/2022 12:00:19 pm Training:
06/20/2022 12:00:19 pm Loss: 0.08586426824331284
06/20/2022 12:00:19 pm Validation:
06/20/2022 12:00:19 pm Loss: 0.0876794382929802
06/20/2022 12:00:28 pm *********************************
06/20/2022 12:00:28 pm epoch: 13
06/20/2022 12:00:28 pm *********************************
06/20/2022 12:00:28 pm 1. TRAINING:
06/20/2022 12:06:33 pm Training:
06/20/2022 12:06:33 pm Loss: 0.08570468425750732
06/20/2022 12:06:33 pm Validation:
06/20/2022 12:06:33 pm Loss: 0.08731003850698471
06/20/2022 12:06:42 pm *********************************
06/20/2022 12:06:42 pm epoch: 14
06/20/2022 12:06:42 pm *********************************
06/20/2022 12:06:42 pm 1. TRAINING:
06/20/2022 12:12:49 pm Training:
06/20/2022 12:12:49 pm Loss: 0.08579735457897186
06/20/2022 12:12:49 pm Validation:
06/20/2022 12:12:49 pm Loss: 0.08761674165725708
06/20/2022 12:12:58 pm *********************************
06/20/2022 12:12:58 pm epoch: 15
06/20/2022 12:12:58 pm *********************************
06/20/2022 12:12:58 pm 1. TRAINING:
06/20/2022 12:19:12 pm Training:
06/20/2022 12:19:12 pm Loss: 0.084562748670578
06/20/2022 12:19:12 pm Validation:
06/20/2022 12:19:12 pm Loss: 0.0860440656542778
06/20/2022 12:19:21 pm *********************************
06/20/2022 12:19:21 pm epoch: 16
06/20/2022 12:19:21 pm *********************************
06/20/2022 12:19:21 pm 1. TRAINING:
06/20/2022 12:25:28 pm Training:
06/20/2022 12:25:28 pm Loss: 0.08330245316028595
06/20/2022 12:25:28 pm Validation:
06/20/2022 12:25:28 pm Loss: 0.08567197620868683
06/20/2022 12:25:37 pm *********************************
06/20/2022 12:25:37 pm epoch: 17
06/20/2022 12:25:37 pm *********************************
06/20/2022 12:25:37 pm 1. TRAINING:
06/20/2022 12:31:42 pm Training:
06/20/2022 12:31:42 pm Loss: 0.08816429227590561
06/20/2022 12:31:42 pm Validation:
06/20/2022 12:31:42 pm Loss: 0.08895145356655121
06/20/2022 12:31:51 pm *********************************
06/20/2022 12:31:51 pm epoch: 18
06/20/2022 12:31:51 pm *********************************
06/20/2022 12:31:51 pm 1. TRAINING:
06/20/2022 12:37:58 pm Training:
06/20/2022 12:37:58 pm Loss: 0.08655814081430435
06/20/2022 12:37:58 pm Validation:
06/20/2022 12:37:58 pm Loss: 0.08802995085716248
06/20/2022 12:38:08 pm *********************************
06/20/2022 12:38:08 pm epoch: 19
06/20/2022 12:38:08 pm *********************************
06/20/2022 12:38:08 pm 1. TRAINING:
06/20/2022 12:44:19 pm Training:
06/20/2022 12:44:19 pm Loss: 0.08870600908994675
06/20/2022 12:44:19 pm Validation:
06/20/2022 12:44:19 pm Loss: 0.09081628918647766
06/20/2022 12:44:28 pm *********************************
06/20/2022 12:44:28 pm epoch: 20
06/20/2022 12:44:28 pm *********************************
06/20/2022 12:44:28 pm 1. TRAINING:
06/20/2022 12:50:32 pm Training:
06/20/2022 12:50:32 pm Loss: 0.08413252979516983
06/20/2022 12:50:32 pm Validation:
06/20/2022 12:50:32 pm Loss: 0.0864633098244667
06/20/2022 12:50:47 pm *********************************
06/20/2022 12:50:47 pm epoch: 21
06/20/2022 12:50:47 pm *********************************
06/20/2022 12:50:47 pm 1. TRAINING:
06/20/2022 12:56:46 pm Training:
06/20/2022 12:56:46 pm Loss: 0.08324292302131653
06/20/2022 12:56:46 pm Validation:
06/20/2022 12:56:46 pm Loss: 0.08565784245729446
06/20/2022 12:56:55 pm *********************************
06/20/2022 12:56:55 pm epoch: 22
06/20/2022 12:56:55 pm *********************************
06/20/2022 12:56:55 pm 1. TRAINING:
06/20/2022 01:03:02 pm Training:
06/20/2022 01:03:02 pm Loss: 0.08269167691469193
06/20/2022 01:03:02 pm Validation:
06/20/2022 01:03:02 pm Loss: 0.08514388650655746
06/20/2022 01:03:11 pm *********************************
06/20/2022 01:03:11 pm epoch: 23
06/20/2022 01:03:11 pm *********************************
06/20/2022 01:03:11 pm 1. TRAINING:
06/20/2022 01:09:30 pm Training:
06/20/2022 01:09:30 pm Loss: 0.08359556645154953
06/20/2022 01:09:30 pm Validation:
06/20/2022 01:09:30 pm Loss: 0.08498500287532806
06/20/2022 01:09:38 pm *********************************
06/20/2022 01:09:38 pm epoch: 24
06/20/2022 01:09:38 pm *********************************
06/20/2022 01:09:38 pm 1. TRAINING:
06/20/2022 01:15:51 pm Training:
06/20/2022 01:15:51 pm Loss: 0.08264567703008652
06/20/2022 01:15:51 pm Validation:
06/20/2022 01:15:51 pm Loss: 0.08510512858629227
06/20/2022 01:16:00 pm *********************************
06/20/2022 01:16:00 pm epoch: 25
06/20/2022 01:16:00 pm *********************************
06/20/2022 01:16:00 pm 1. TRAINING:
06/20/2022 01:22:14 pm Training:
06/20/2022 01:22:14 pm Loss: 0.08263126760721207
06/20/2022 01:22:14 pm Validation:
06/20/2022 01:22:14 pm Loss: 0.08445673435926437
06/20/2022 01:22:22 pm *********************************
06/20/2022 01:22:22 pm epoch: 26
06/20/2022 01:22:22 pm *********************************
06/20/2022 01:22:22 pm 1. TRAINING:
06/20/2022 01:28:29 pm Training:
06/20/2022 01:28:29 pm Loss: 0.08258603513240814
06/20/2022 01:28:29 pm Validation:
06/20/2022 01:28:29 pm Loss: 0.08474848419427872
06/20/2022 01:28:38 pm *********************************
06/20/2022 01:28:38 pm epoch: 27
06/20/2022 01:28:38 pm *********************************
06/20/2022 01:28:38 pm 1. TRAINING:
06/20/2022 01:34:49 pm Training:
06/20/2022 01:34:49 pm Loss: 0.08190369606018066
06/20/2022 01:34:49 pm Validation:
06/20/2022 01:34:49 pm Loss: 0.08445041626691818
06/20/2022 01:34:57 pm *********************************
06/20/2022 01:34:57 pm epoch: 28
06/20/2022 01:34:57 pm *********************************
06/20/2022 01:34:57 pm 1. TRAINING:
06/20/2022 01:41:08 pm Training:
06/20/2022 01:41:08 pm Loss: 0.08353158086538315
06/20/2022 01:41:08 pm Validation:
06/20/2022 01:41:08 pm Loss: 0.08576025068759918
06/20/2022 01:41:16 pm *********************************
06/20/2022 01:41:16 pm epoch: 29
06/20/2022 01:41:16 pm *********************************
06/20/2022 01:41:16 pm 1. TRAINING:
06/20/2022 01:47:26 pm Training:
06/20/2022 01:47:26 pm Loss: 0.08150510489940643
06/20/2022 01:47:26 pm Validation:
06/20/2022 01:47:26 pm Loss: 0.08378788828849792
06/20/2022 01:47:34 pm *********************************
06/20/2022 01:47:34 pm epoch: 30
06/20/2022 01:47:34 pm *********************************
06/20/2022 01:47:34 pm 1. TRAINING:
06/20/2022 01:53:52 pm Training:
06/20/2022 01:53:52 pm Loss: 0.08099111914634705
06/20/2022 01:53:52 pm Validation:
06/20/2022 01:53:52 pm Loss: 0.08358918875455856
06/20/2022 01:54:07 pm *********************************
06/20/2022 01:54:07 pm epoch: 31
06/20/2022 01:54:07 pm *********************************
06/20/2022 01:54:07 pm 1. TRAINING:
06/20/2022 02:00:12 pm Training:
06/20/2022 02:00:12 pm Loss: 0.08293678611516953
06/20/2022 02:00:12 pm Validation:
06/20/2022 02:00:12 pm Loss: 0.08413877338171005
06/20/2022 02:00:21 pm *********************************
06/20/2022 02:00:21 pm epoch: 32
06/20/2022 02:00:21 pm *********************************
06/20/2022 02:00:21 pm 1. TRAINING:
06/20/2022 02:06:32 pm Training:
06/20/2022 02:06:32 pm Loss: 0.08146586269140244
06/20/2022 02:06:32 pm Validation:
06/20/2022 02:06:32 pm Loss: 0.08340208977460861
06/20/2022 02:06:40 pm *********************************
06/20/2022 02:06:40 pm epoch: 33
06/20/2022 02:06:40 pm *********************************
06/20/2022 02:06:40 pm 1. TRAINING:
06/20/2022 02:12:51 pm Training:
06/20/2022 02:12:51 pm Loss: 0.08046920597553253
06/20/2022 02:12:51 pm Validation:
06/20/2022 02:12:51 pm Loss: 0.08327324688434601
06/20/2022 02:13:00 pm *********************************
06/20/2022 02:13:00 pm epoch: 34
06/20/2022 02:13:00 pm *********************************
06/20/2022 02:13:00 pm 1. TRAINING:
06/20/2022 02:19:11 pm Training:
06/20/2022 02:19:11 pm Loss: 0.084725521504879
06/20/2022 02:19:11 pm Validation:
06/20/2022 02:19:11 pm Loss: 0.08477520942687988
06/20/2022 02:19:20 pm *********************************
06/20/2022 02:19:20 pm epoch: 35
06/20/2022 02:19:20 pm *********************************
06/20/2022 02:19:20 pm 1. TRAINING:
06/20/2022 02:25:35 pm Training:
06/20/2022 02:25:35 pm Loss: 0.08175629377365112
06/20/2022 02:25:35 pm Validation:
06/20/2022 02:25:35 pm Loss: 0.08343791961669922
06/20/2022 02:25:44 pm *********************************
06/20/2022 02:25:44 pm epoch: 36
06/20/2022 02:25:44 pm *********************************
06/20/2022 02:25:44 pm 1. TRAINING:
06/20/2022 02:32:06 pm Training:
06/20/2022 02:32:06 pm Loss: 0.07980185747146606
06/20/2022 02:32:06 pm Validation:
06/20/2022 02:32:06 pm Loss: 0.08318528532981873
06/20/2022 02:32:15 pm *********************************
06/20/2022 02:32:15 pm epoch: 37
06/20/2022 02:32:15 pm *********************************
06/20/2022 02:32:15 pm 1. TRAINING:
06/20/2022 02:38:27 pm Training:
06/20/2022 02:38:27 pm Loss: 0.08147978037595749
06/20/2022 02:38:27 pm Validation:
06/20/2022 02:38:27 pm Loss: 0.0837264433503151
06/20/2022 02:38:36 pm *********************************
06/20/2022 02:38:36 pm epoch: 38
06/20/2022 02:38:36 pm *********************************
06/20/2022 02:38:36 pm 1. TRAINING:
06/20/2022 02:44:50 pm Training:
06/20/2022 02:44:50 pm Loss: 0.08042453974485397
06/20/2022 02:44:50 pm Validation:
06/20/2022 02:44:50 pm Loss: 0.08359785377979279
06/20/2022 02:44:59 pm *********************************
06/20/2022 02:44:59 pm epoch: 39
06/20/2022 02:44:59 pm *********************************
06/20/2022 02:44:59 pm 1. TRAINING:
06/20/2022 02:51:12 pm Training:
06/20/2022 02:51:12 pm Loss: 0.08022370934486389
06/20/2022 02:51:12 pm Validation:
06/20/2022 02:51:12 pm Loss: 0.08404022455215454
06/20/2022 02:51:20 pm *********************************
06/20/2022 02:51:20 pm epoch: 40
06/20/2022 02:51:20 pm *********************************
06/20/2022 02:51:20 pm 1. TRAINING:
06/20/2022 02:57:32 pm Training:
06/20/2022 02:57:32 pm Loss: 0.08100768178701401
06/20/2022 02:57:32 pm Validation:
06/20/2022 02:57:32 pm Loss: 0.08297783881425858
06/20/2022 02:57:46 pm *********************************
06/20/2022 02:57:46 pm epoch: 41
06/20/2022 02:57:46 pm *********************************
06/20/2022 02:57:46 pm 1. TRAINING:
06/20/2022 03:03:48 pm Training:
06/20/2022 03:03:48 pm Loss: 0.07931677252054214
06/20/2022 03:03:48 pm Validation:
06/20/2022 03:03:48 pm Loss: 0.08323424309492111
06/20/2022 03:03:56 pm *********************************
06/20/2022 03:03:56 pm epoch: 42
06/20/2022 03:03:56 pm *********************************
06/20/2022 03:03:56 pm 1. TRAINING:
06/20/2022 03:09:58 pm Training:
06/20/2022 03:09:58 pm Loss: 0.08071192353963852
06/20/2022 03:09:58 pm Validation:
06/20/2022 03:09:58 pm Loss: 0.08299873769283295
06/20/2022 03:10:07 pm *********************************
06/20/2022 03:10:07 pm epoch: 43
06/20/2022 03:10:07 pm *********************************
06/20/2022 03:10:07 pm 1. TRAINING:
06/20/2022 03:16:10 pm Training:
06/20/2022 03:16:10 pm Loss: 0.07914777845144272
06/20/2022 03:16:10 pm Validation:
06/20/2022 03:16:10 pm Loss: 0.0825347900390625
06/20/2022 03:16:18 pm *********************************
06/20/2022 03:16:18 pm epoch: 44
06/20/2022 03:16:18 pm *********************************
06/20/2022 03:16:18 pm 1. TRAINING:
06/20/2022 03:22:24 pm Training:
06/20/2022 03:22:24 pm Loss: 0.07895057648420334
06/20/2022 03:22:24 pm Validation:
06/20/2022 03:22:24 pm Loss: 0.08306064456701279
06/20/2022 03:22:34 pm *********************************
06/20/2022 03:22:34 pm epoch: 45
06/20/2022 03:22:34 pm *********************************
06/20/2022 03:22:34 pm 1. TRAINING:
06/20/2022 03:28:42 pm Training:
06/20/2022 03:28:42 pm Loss: 0.0792127326130867
06/20/2022 03:28:42 pm Validation:
06/20/2022 03:28:42 pm Loss: 0.08321834355592728
06/20/2022 03:28:51 pm *********************************
06/20/2022 03:28:51 pm epoch: 46
06/20/2022 03:28:51 pm *********************************
06/20/2022 03:28:51 pm 1. TRAINING:
06/20/2022 03:34:58 pm Training:
06/20/2022 03:34:58 pm Loss: 0.07936962693929672
06/20/2022 03:34:58 pm Validation:
06/20/2022 03:34:58 pm Loss: 0.08266004920005798
06/20/2022 03:35:06 pm *********************************
06/20/2022 03:35:06 pm epoch: 47
06/20/2022 03:35:06 pm *********************************
06/20/2022 03:35:06 pm 1. TRAINING:
06/20/2022 03:41:11 pm Training:
06/20/2022 03:41:11 pm Loss: 0.07892532646656036
06/20/2022 03:41:11 pm Validation:
06/20/2022 03:41:11 pm Loss: 0.08296152204275131
06/20/2022 03:41:19 pm *********************************
06/20/2022 03:41:19 pm epoch: 48
06/20/2022 03:41:19 pm *********************************
06/20/2022 03:41:19 pm 1. TRAINING:
06/20/2022 03:47:21 pm Training:
06/20/2022 03:47:21 pm Loss: 0.07893139123916626
06/20/2022 03:47:21 pm Validation:
06/20/2022 03:47:21 pm Loss: 0.08312486112117767
06/20/2022 03:47:30 pm *********************************
06/20/2022 03:47:30 pm epoch: 49
06/20/2022 03:47:30 pm *********************************
06/20/2022 03:47:30 pm 1. TRAINING:
06/20/2022 03:53:39 pm Training:
06/20/2022 03:53:39 pm Loss: 0.07878050953149796
06/20/2022 03:53:39 pm Validation:
06/20/2022 03:53:39 pm Loss: 0.08361699432134628
06/20/2022 03:53:47 pm *********************************
06/20/2022 03:53:47 pm epoch: 50
06/20/2022 03:53:47 pm *********************************
06/20/2022 03:53:47 pm 1. TRAINING:
06/20/2022 03:59:57 pm Training:
06/20/2022 03:59:57 pm Loss: 0.07770439237356186
06/20/2022 03:59:57 pm Validation:
06/20/2022 03:59:57 pm Loss: 0.083560511469841
06/20/2022 04:00:11 pm *********************************
06/20/2022 04:00:11 pm epoch: 51
06/20/2022 04:00:11 pm *********************************
06/20/2022 04:00:11 pm 1. TRAINING:
06/20/2022 04:06:20 pm Training:
06/20/2022 04:06:20 pm Loss: 0.07850609719753265
06/20/2022 04:06:20 pm Validation:
06/20/2022 04:06:20 pm Loss: 0.08397398144006729
06/20/2022 04:06:29 pm *********************************
06/20/2022 04:06:29 pm epoch: 52
06/20/2022 04:06:29 pm *********************************
06/20/2022 04:06:29 pm 1. TRAINING:
06/20/2022 04:12:38 pm Training:
06/20/2022 04:12:38 pm Loss: 0.07830531895160675
06/20/2022 04:12:38 pm Validation:
06/20/2022 04:12:38 pm Loss: 0.08256842195987701
06/20/2022 04:12:47 pm *********************************
06/20/2022 04:12:47 pm epoch: 53
06/20/2022 04:12:47 pm *********************************
06/20/2022 04:12:47 pm 1. TRAINING:
06/20/2022 04:18:50 pm Training:
06/20/2022 04:18:50 pm Loss: 0.07840758562088013
06/20/2022 04:18:50 pm Validation:
06/20/2022 04:18:50 pm Loss: 0.08412311226129532
06/20/2022 04:18:59 pm *********************************
06/20/2022 04:18:59 pm epoch: 54
06/20/2022 04:18:59 pm *********************************
06/20/2022 04:18:59 pm 1. TRAINING:
06/20/2022 04:25:09 pm Training:
06/20/2022 04:25:09 pm Loss: 0.0763305276632309
06/20/2022 04:25:09 pm Validation:
06/20/2022 04:25:09 pm Loss: 0.08267617970705032
06/20/2022 04:25:19 pm *********************************
06/20/2022 04:25:19 pm epoch: 55
06/20/2022 04:25:19 pm *********************************
06/20/2022 04:25:19 pm 1. TRAINING:
06/20/2022 04:31:28 pm Training:
06/20/2022 04:31:28 pm Loss: 0.07695291936397552
06/20/2022 04:31:28 pm Validation:
06/20/2022 04:31:28 pm Loss: 0.08256804198026657
06/20/2022 04:31:36 pm *********************************
06/20/2022 04:31:36 pm epoch: 56
06/20/2022 04:31:36 pm *********************************
06/20/2022 04:31:36 pm 1. TRAINING:
06/20/2022 04:37:47 pm Training:
06/20/2022 04:37:47 pm Loss: 0.07633630931377411
06/20/2022 04:37:47 pm Validation:
06/20/2022 04:37:47 pm Loss: 0.08409847319126129
06/20/2022 04:37:55 pm *********************************
06/20/2022 04:37:55 pm epoch: 57
06/20/2022 04:37:55 pm *********************************
06/20/2022 04:37:55 pm 1. TRAINING:
06/20/2022 04:44:06 pm Training:
06/20/2022 04:44:06 pm Loss: 0.07552852481603622
06/20/2022 04:44:06 pm Validation:
06/20/2022 04:44:06 pm Loss: 0.08360867202281952
06/20/2022 04:44:15 pm *********************************
06/20/2022 04:44:15 pm epoch: 58
06/20/2022 04:44:15 pm *********************************
06/20/2022 04:44:15 pm 1. TRAINING:
06/20/2022 04:50:22 pm Training:
06/20/2022 04:50:22 pm Loss: 0.07503504306077957
06/20/2022 04:50:22 pm Validation:
06/20/2022 04:50:22 pm Loss: 0.08258833736181259
06/20/2022 04:50:31 pm *********************************
06/20/2022 04:50:31 pm epoch: 59
06/20/2022 04:50:31 pm *********************************
06/20/2022 04:50:31 pm 1. TRAINING:
06/20/2022 04:56:36 pm Training:
06/20/2022 04:56:36 pm Loss: 0.07594012469053268
06/20/2022 04:56:36 pm Validation:
06/20/2022 04:56:36 pm Loss: 0.08297332376241684
06/20/2022 04:56:44 pm *********************************
06/20/2022 04:56:44 pm epoch: 60
06/20/2022 04:56:44 pm *********************************
06/20/2022 04:56:44 pm 1. TRAINING:
06/20/2022 05:02:49 pm Training:
06/20/2022 05:02:49 pm Loss: 0.07525290548801422
06/20/2022 05:02:49 pm Validation:
06/20/2022 05:02:49 pm Loss: 0.08268111199140549
06/20/2022 05:03:03 pm *********************************
06/20/2022 05:03:03 pm epoch: 61
06/20/2022 05:03:03 pm *********************************
06/20/2022 05:03:03 pm 1. TRAINING:
06/20/2022 05:09:09 pm Training:
06/20/2022 05:09:09 pm Loss: 0.07471232861280441
06/20/2022 05:09:09 pm Validation:
06/20/2022 05:09:09 pm Loss: 0.08404111862182617
06/20/2022 05:09:17 pm *********************************
06/20/2022 05:09:17 pm epoch: 62
06/20/2022 05:09:17 pm *********************************
06/20/2022 05:09:17 pm 1. TRAINING:
06/20/2022 05:15:21 pm Training:
06/20/2022 05:15:21 pm Loss: 0.07509784400463104
06/20/2022 05:15:21 pm Validation:
06/20/2022 05:15:21 pm Loss: 0.0841541737318039
06/20/2022 05:15:30 pm *********************************
06/20/2022 05:15:30 pm epoch: 63
06/20/2022 05:15:30 pm *********************************
06/20/2022 05:15:30 pm 1. TRAINING:
06/20/2022 05:21:40 pm Training:
06/20/2022 05:21:40 pm Loss: 0.0751282274723053
06/20/2022 05:21:40 pm Validation:
06/20/2022 05:21:40 pm Loss: 0.08310475200414658
06/20/2022 05:21:49 pm *********************************
06/20/2022 05:21:49 pm epoch: 64
06/20/2022 05:21:49 pm *********************************
06/20/2022 05:21:49 pm 1. TRAINING:
06/20/2022 05:27:55 pm Training:
06/20/2022 05:27:55 pm Loss: 0.07600584626197815
06/20/2022 05:27:55 pm Validation:
06/20/2022 05:27:55 pm Loss: 0.084229476749897
06/20/2022 05:28:04 pm *********************************
06/20/2022 05:28:04 pm epoch: 65
06/20/2022 05:28:04 pm *********************************
06/20/2022 05:28:04 pm 1. TRAINING:
06/20/2022 05:34:11 pm Training:
06/20/2022 05:34:11 pm Loss: 0.07397244870662689
06/20/2022 05:34:11 pm Validation:
06/20/2022 05:34:11 pm Loss: 0.08395149558782578
06/20/2022 05:34:19 pm *********************************
06/20/2022 05:34:19 pm epoch: 66
06/20/2022 05:34:19 pm *********************************
06/20/2022 05:34:19 pm 1. TRAINING:
06/20/2022 05:40:27 pm Training:
06/20/2022 05:40:27 pm Loss: 0.0738561749458313
06/20/2022 05:40:27 pm Validation:
06/20/2022 05:40:27 pm Loss: 0.08350282162427902
06/20/2022 05:40:36 pm *********************************
06/20/2022 05:40:36 pm epoch: 67
06/20/2022 05:40:36 pm *********************************
06/20/2022 05:40:36 pm 1. TRAINING:
06/20/2022 05:46:43 pm Training:
06/20/2022 05:46:43 pm Loss: 0.07370679080486298
06/20/2022 05:46:43 pm Validation:
06/20/2022 05:46:43 pm Loss: 0.08406297117471695
06/20/2022 05:46:51 pm *********************************
06/20/2022 05:46:51 pm epoch: 68
06/20/2022 05:46:51 pm *********************************
06/20/2022 05:46:51 pm 1. TRAINING:
06/20/2022 05:52:58 pm Training:
06/20/2022 05:52:58 pm Loss: 0.07394709438085556
06/20/2022 05:52:58 pm Validation:
06/20/2022 05:52:58 pm Loss: 0.08506438881158829
06/20/2022 05:53:07 pm *********************************
06/20/2022 05:53:07 pm epoch: 69
06/20/2022 05:53:07 pm *********************************
06/20/2022 05:53:07 pm 1. TRAINING:
06/20/2022 05:59:18 pm Training:
06/20/2022 05:59:18 pm Loss: 0.07307552546262741
06/20/2022 05:59:18 pm Validation:
06/20/2022 05:59:18 pm Loss: 0.08611185103654861
06/20/2022 05:59:27 pm *********************************
06/20/2022 05:59:27 pm epoch: 70
06/20/2022 05:59:27 pm *********************************
06/20/2022 05:59:27 pm 1. TRAINING:
06/20/2022 06:05:36 pm Training:
06/20/2022 06:05:36 pm Loss: 0.07639992982149124
06/20/2022 06:05:36 pm Validation:
06/20/2022 06:05:36 pm Loss: 0.0855291336774826
06/20/2022 06:05:50 pm *********************************
06/20/2022 06:05:50 pm epoch: 71
06/20/2022 06:05:50 pm *********************************
06/20/2022 06:05:50 pm 1. TRAINING:
06/20/2022 06:11:56 pm Training:
06/20/2022 06:11:56 pm Loss: 0.07293654978275299
06/20/2022 06:11:56 pm Validation:
06/20/2022 06:11:56 pm Loss: 0.08507362008094788
06/20/2022 06:12:05 pm *********************************
06/20/2022 06:12:05 pm epoch: 72
06/20/2022 06:12:05 pm *********************************
06/20/2022 06:12:05 pm 1. TRAINING:
06/20/2022 06:18:14 pm Training:
06/20/2022 06:18:14 pm Loss: 0.07306552678346634
06/20/2022 06:18:14 pm Validation:
06/20/2022 06:18:14 pm Loss: 0.08433248102664948
06/20/2022 06:18:23 pm *********************************
06/20/2022 06:18:23 pm epoch: 73
06/20/2022 06:18:23 pm *********************************
06/20/2022 06:18:23 pm 1. TRAINING:
06/20/2022 06:24:30 pm Training:
06/20/2022 06:24:30 pm Loss: 0.07451026886701584
06/20/2022 06:24:30 pm Validation:
06/20/2022 06:24:30 pm Loss: 0.08652689307928085
06/20/2022 06:24:38 pm *********************************
06/20/2022 06:24:38 pm epoch: 74
06/20/2022 06:24:38 pm *********************************
06/20/2022 06:24:38 pm 1. TRAINING:
06/20/2022 06:30:36 pm Training:
06/20/2022 06:30:36 pm Loss: 0.07330828160047531
06/20/2022 06:30:36 pm Validation:
06/20/2022 06:30:36 pm Loss: 0.08627556264400482
06/20/2022 06:30:45 pm *********************************
06/20/2022 06:30:45 pm epoch: 75
06/20/2022 06:30:45 pm *********************************
06/20/2022 06:30:45 pm 1. TRAINING:
06/20/2022 06:36:51 pm Training:
06/20/2022 06:36:51 pm Loss: 0.0729784443974495
06/20/2022 06:36:51 pm Validation:
06/20/2022 06:36:51 pm Loss: 0.08524559438228607
06/20/2022 06:37:00 pm *********************************
06/20/2022 06:37:00 pm epoch: 76
06/20/2022 06:37:00 pm *********************************
06/20/2022 06:37:00 pm 1. TRAINING:
06/20/2022 06:43:08 pm Training:
06/20/2022 06:43:08 pm Loss: 0.0723956972360611
06/20/2022 06:43:08 pm Validation:
06/20/2022 06:43:08 pm Loss: 0.08435972034931183
06/20/2022 06:43:17 pm *********************************
06/20/2022 06:43:17 pm epoch: 77
06/20/2022 06:43:17 pm *********************************
06/20/2022 06:43:17 pm 1. TRAINING:
06/20/2022 06:49:24 pm Training:
06/20/2022 06:49:24 pm Loss: 0.0711774006485939
06/20/2022 06:49:24 pm Validation:
06/20/2022 06:49:24 pm Loss: 0.08738208562135696
06/20/2022 06:49:33 pm *********************************
06/20/2022 06:49:33 pm epoch: 78
06/20/2022 06:49:33 pm *********************************
06/20/2022 06:49:33 pm 1. TRAINING:
06/20/2022 06:55:40 pm Training:
06/20/2022 06:55:40 pm Loss: 0.07198886573314667
06/20/2022 06:55:40 pm Validation:
06/20/2022 06:55:40 pm Loss: 0.08597391843795776
06/20/2022 06:55:48 pm *********************************
06/20/2022 06:55:49 pm epoch: 79
06/20/2022 06:55:49 pm *********************************
06/20/2022 06:55:49 pm 1. TRAINING:
06/20/2022 07:01:59 pm Training:
06/20/2022 07:01:59 pm Loss: 0.07491414994001389
06/20/2022 07:01:59 pm Validation:
06/20/2022 07:01:59 pm Loss: 0.08609404414892197
06/20/2022 07:02:08 pm *********************************
06/20/2022 07:02:08 pm epoch: 80
06/20/2022 07:02:08 pm *********************************
06/20/2022 07:02:08 pm 1. TRAINING:
06/20/2022 07:08:14 pm Training:
06/20/2022 07:08:14 pm Loss: 0.07240265607833862
06/20/2022 07:08:14 pm Validation:
06/20/2022 07:08:14 pm Loss: 0.08695661276578903
06/20/2022 07:08:29 pm *********************************
06/20/2022 07:08:29 pm epoch: 81
06/20/2022 07:08:29 pm *********************************
06/20/2022 07:08:29 pm 1. TRAINING:
06/20/2022 07:14:36 pm Training:
06/20/2022 07:14:36 pm Loss: 0.07346168160438538
06/20/2022 07:14:36 pm Validation:
06/20/2022 07:14:36 pm Loss: 0.08762923628091812
06/20/2022 07:14:45 pm *********************************
06/20/2022 07:14:45 pm epoch: 82
06/20/2022 07:14:45 pm *********************************
06/20/2022 07:14:45 pm 1. TRAINING:
06/20/2022 07:20:53 pm Training:
06/20/2022 07:20:53 pm Loss: 0.07099741697311401
06/20/2022 07:20:53 pm Validation:
06/20/2022 07:20:53 pm Loss: 0.08661558479070663
06/20/2022 07:21:02 pm *********************************
06/20/2022 07:21:02 pm epoch: 83
06/20/2022 07:21:02 pm *********************************
06/20/2022 07:21:02 pm 1. TRAINING:
06/20/2022 07:27:11 pm Training:
06/20/2022 07:27:11 pm Loss: 0.07070669531822205
06/20/2022 07:27:11 pm Validation:
06/20/2022 07:27:11 pm Loss: 0.08630634099245071
06/20/2022 07:27:21 pm *********************************
06/20/2022 07:27:21 pm epoch: 84
06/20/2022 07:27:21 pm *********************************
06/20/2022 07:27:21 pm 1. TRAINING:
06/20/2022 07:33:29 pm Training:
06/20/2022 07:33:29 pm Loss: 0.0693812146782875
06/20/2022 07:33:29 pm Validation:
06/20/2022 07:33:29 pm Loss: 0.08753079921007156
06/20/2022 07:33:38 pm *********************************
06/20/2022 07:33:38 pm epoch: 85
06/20/2022 07:33:38 pm *********************************
06/20/2022 07:33:38 pm 1. TRAINING:
06/20/2022 07:39:45 pm Training:
06/20/2022 07:39:45 pm Loss: 0.06938396394252777
06/20/2022 07:39:45 pm Validation:
06/20/2022 07:39:45 pm Loss: 0.08691685646772385
06/20/2022 07:39:54 pm *********************************
06/20/2022 07:39:54 pm epoch: 86
06/20/2022 07:39:54 pm *********************************
06/20/2022 07:39:54 pm 1. TRAINING:
06/20/2022 07:46:01 pm Training:
06/20/2022 07:46:01 pm Loss: 0.07045654207468033
06/20/2022 07:46:01 pm Validation:
06/20/2022 07:46:01 pm Loss: 0.08564561605453491
06/20/2022 07:46:10 pm *********************************
06/20/2022 07:46:10 pm epoch: 87
06/20/2022 07:46:10 pm *********************************
06/20/2022 07:46:10 pm 1. TRAINING:
06/20/2022 07:52:18 pm Training:
06/20/2022 07:52:18 pm Loss: 0.06925536692142487
06/20/2022 07:52:18 pm Validation:
06/20/2022 07:52:18 pm Loss: 0.08808114379644394
06/20/2022 07:52:27 pm *********************************
06/20/2022 07:52:27 pm epoch: 88
06/20/2022 07:52:27 pm *********************************
06/20/2022 07:52:27 pm 1. TRAINING:
06/20/2022 07:58:36 pm Training:
06/20/2022 07:58:36 pm Loss: 0.06902328133583069
06/20/2022 07:58:36 pm Validation:
06/20/2022 07:58:36 pm Loss: 0.08795682340860367
06/20/2022 07:58:45 pm *********************************
06/20/2022 07:58:45 pm epoch: 89
06/20/2022 07:58:45 pm *********************************
06/20/2022 07:58:45 pm 1. TRAINING:
06/20/2022 08:04:54 pm Training:
06/20/2022 08:04:54 pm Loss: 0.06827898323535919
06/20/2022 08:04:54 pm Validation:
06/20/2022 08:04:54 pm Loss: 0.08701678365468979
06/20/2022 08:05:03 pm *********************************
06/20/2022 08:05:03 pm epoch: 90
06/20/2022 08:05:03 pm *********************************
06/20/2022 08:05:03 pm 1. TRAINING:
06/20/2022 08:11:12 pm Training:
06/20/2022 08:11:12 pm Loss: 0.067903533577919
06/20/2022 08:11:12 pm Validation:
06/20/2022 08:11:12 pm Loss: 0.0903099998831749
06/20/2022 08:11:27 pm *********************************
06/20/2022 08:11:27 pm epoch: 91
06/20/2022 08:11:27 pm *********************************
06/20/2022 08:11:27 pm 1. TRAINING:
06/20/2022 08:17:32 pm Training:
06/20/2022 08:17:32 pm Loss: 0.06748336553573608
06/20/2022 08:17:32 pm Validation:
06/20/2022 08:17:32 pm Loss: 0.08898422867059708
06/20/2022 08:17:42 pm *********************************
06/20/2022 08:17:42 pm epoch: 92
06/20/2022 08:17:42 pm *********************************
06/20/2022 08:17:42 pm 1. TRAINING:
06/20/2022 08:23:39 pm Training:
06/20/2022 08:23:39 pm Loss: 0.06711041927337646
06/20/2022 08:23:39 pm Validation:
06/20/2022 08:23:39 pm Loss: 0.08938456326723099
06/20/2022 08:23:47 pm *********************************
06/20/2022 08:23:47 pm epoch: 93
06/20/2022 08:23:47 pm *********************************
06/20/2022 08:23:47 pm 1. TRAINING:
06/20/2022 08:29:58 pm Training:
06/20/2022 08:29:58 pm Loss: 0.06780771166086197
06/20/2022 08:29:58 pm Validation:
06/20/2022 08:29:58 pm Loss: 0.08974548429250717
06/20/2022 08:30:07 pm *********************************
06/20/2022 08:30:07 pm epoch: 94
06/20/2022 08:30:07 pm *********************************
06/20/2022 08:30:07 pm 1. TRAINING:
06/20/2022 08:36:15 pm Training:
06/20/2022 08:36:15 pm Loss: 0.06885842978954315
06/20/2022 08:36:15 pm Validation:
06/20/2022 08:36:15 pm Loss: 0.08775044232606888
06/20/2022 08:36:24 pm *********************************
06/20/2022 08:36:24 pm epoch: 95
06/20/2022 08:36:24 pm *********************************
06/20/2022 08:36:24 pm 1. TRAINING:
06/20/2022 08:42:42 pm Training:
06/20/2022 08:42:42 pm Loss: 0.07223857939243317
06/20/2022 08:42:42 pm Validation:
06/20/2022 08:42:42 pm Loss: 0.09260603785514832
06/20/2022 08:42:51 pm *********************************
06/20/2022 08:42:51 pm epoch: 96
06/20/2022 08:42:51 pm *********************************
06/20/2022 08:42:51 pm 1. TRAINING:
06/20/2022 08:49:06 pm Training:
06/20/2022 08:49:06 pm Loss: 0.06673567742109299
06/20/2022 08:49:06 pm Validation:
06/20/2022 08:49:06 pm Loss: 0.08952150493860245
06/20/2022 08:49:15 pm *********************************
06/20/2022 08:49:15 pm epoch: 97
06/20/2022 08:49:15 pm *********************************
06/20/2022 08:49:15 pm 1. TRAINING:
06/20/2022 08:55:26 pm Training:
06/20/2022 08:55:26 pm Loss: 0.06585652381181717
06/20/2022 08:55:26 pm Validation:
06/20/2022 08:55:26 pm Loss: 0.0901051014661789
06/20/2022 08:55:34 pm *********************************
06/20/2022 08:55:34 pm epoch: 98
06/20/2022 08:55:34 pm *********************************
06/20/2022 08:55:34 pm 1. TRAINING:
06/20/2022 09:01:34 pm Training:
06/20/2022 09:01:34 pm Loss: 0.06647595018148422
06/20/2022 09:01:34 pm Validation:
06/20/2022 09:01:34 pm Loss: 0.09018328785896301
06/20/2022 09:01:43 pm *********************************
06/20/2022 09:01:43 pm epoch: 99
06/20/2022 09:01:43 pm *********************************
06/20/2022 09:01:43 pm 1. TRAINING:
06/20/2022 09:07:54 pm Training:
06/20/2022 09:07:54 pm Loss: 0.0674324482679367
06/20/2022 09:07:54 pm Validation:
06/20/2022 09:07:54 pm Loss: 0.09175778925418854
06/20/2022 09:08:04 pm *********************************
06/20/2022 09:08:04 pm epoch: 100
06/20/2022 09:08:04 pm *********************************
06/20/2022 09:08:04 pm 1. TRAINING:
06/20/2022 09:14:14 pm Training:
06/20/2022 09:14:14 pm Loss: 0.07334579527378082
06/20/2022 09:14:14 pm Validation:
06/20/2022 09:14:14 pm Loss: 0.08883924037218094
06/20/2022 09:14:29 pm *********************************
06/20/2022 09:14:29 pm epoch: 101
06/20/2022 09:14:29 pm *********************************
06/20/2022 09:14:29 pm 1. TRAINING:
06/20/2022 09:20:37 pm Training:
06/20/2022 09:20:37 pm Loss: 0.067301906645298
06/20/2022 09:20:37 pm Validation:
06/20/2022 09:20:37 pm Loss: 0.08977861702442169
06/20/2022 09:20:46 pm *********************************
06/20/2022 09:20:46 pm epoch: 102
06/20/2022 09:20:46 pm *********************************
06/20/2022 09:20:46 pm 1. TRAINING:
06/20/2022 09:26:55 pm Training:
06/20/2022 09:26:55 pm Loss: 0.06559771299362183
06/20/2022 09:26:55 pm Validation:
06/20/2022 09:26:55 pm Loss: 0.09074635803699493
06/20/2022 09:27:05 pm *********************************
06/20/2022 09:27:05 pm epoch: 103
06/20/2022 09:27:05 pm *********************************
06/20/2022 09:27:05 pm 1. TRAINING:
06/20/2022 09:33:14 pm Training:
06/20/2022 09:33:14 pm Loss: 0.06645070016384125
06/20/2022 09:33:14 pm Validation:
06/20/2022 09:33:14 pm Loss: 0.08885300904512405
06/20/2022 09:33:23 pm *********************************
06/20/2022 09:33:23 pm epoch: 104
06/20/2022 09:33:23 pm *********************************
06/20/2022 09:33:23 pm 1. TRAINING:
06/20/2022 09:39:30 pm Training:
06/20/2022 09:39:30 pm Loss: 0.06602686643600464
06/20/2022 09:39:30 pm Validation:
06/20/2022 09:39:30 pm Loss: 0.09044865518808365
06/20/2022 09:39:39 pm *********************************
06/20/2022 09:39:39 pm epoch: 105
06/20/2022 09:39:39 pm *********************************
06/20/2022 09:39:39 pm 1. TRAINING:
06/20/2022 09:45:47 pm Training:
06/20/2022 09:45:47 pm Loss: 0.0668044313788414
06/20/2022 09:45:47 pm Validation:
06/20/2022 09:45:47 pm Loss: 0.08986400812864304
06/20/2022 09:45:56 pm *********************************
06/20/2022 09:45:56 pm epoch: 106
06/20/2022 09:45:56 pm *********************************
06/20/2022 09:45:56 pm 1. TRAINING:
06/20/2022 09:52:03 pm Training:
06/20/2022 09:52:03 pm Loss: 0.06804428994655609
06/20/2022 09:52:03 pm Validation:
06/20/2022 09:52:03 pm Loss: 0.08802245557308197
06/20/2022 09:52:12 pm *********************************
06/20/2022 09:52:12 pm epoch: 107
06/20/2022 09:52:12 pm *********************************
06/20/2022 09:52:12 pm 1. TRAINING:
06/20/2022 09:58:20 pm Training:
06/20/2022 09:58:20 pm Loss: 0.06548717617988586
06/20/2022 09:58:20 pm Validation:
06/20/2022 09:58:20 pm Loss: 0.0902697890996933
06/20/2022 09:58:30 pm *********************************
06/20/2022 09:58:30 pm epoch: 108
06/20/2022 09:58:30 pm *********************************
06/20/2022 09:58:30 pm 1. TRAINING:
06/20/2022 10:04:42 pm Training:
06/20/2022 10:04:42 pm Loss: 0.06446439027786255
06/20/2022 10:04:42 pm Validation:
06/20/2022 10:04:42 pm Loss: 0.09015751630067825
06/20/2022 10:04:51 pm *********************************
06/20/2022 10:04:51 pm epoch: 109
06/20/2022 10:04:51 pm *********************************
06/20/2022 10:04:51 pm 1. TRAINING:
06/20/2022 10:11:01 pm Training:
06/20/2022 10:11:01 pm Loss: 0.06758701801300049
06/20/2022 10:11:01 pm Validation:
06/20/2022 10:11:01 pm Loss: 0.09154142439365387
06/20/2022 10:11:10 pm *********************************
06/20/2022 10:11:10 pm epoch: 110
06/20/2022 10:11:10 pm *********************************
06/20/2022 10:11:10 pm 1. TRAINING:
06/20/2022 10:17:17 pm Training:
06/20/2022 10:17:17 pm Loss: 0.06610360741615295
06/20/2022 10:17:17 pm Validation:
06/20/2022 10:17:17 pm Loss: 0.09136133641004562
06/20/2022 10:17:32 pm *********************************
06/20/2022 10:17:32 pm epoch: 111
06/20/2022 10:17:32 pm *********************************
06/20/2022 10:17:32 pm 1. TRAINING:
06/20/2022 10:23:37 pm Training:
06/20/2022 10:23:37 pm Loss: 0.07303771376609802
06/20/2022 10:23:37 pm Validation:
06/20/2022 10:23:37 pm Loss: 0.09703843295574188
06/20/2022 10:23:46 pm *********************************
06/20/2022 10:23:46 pm epoch: 112
06/20/2022 10:23:46 pm *********************************
06/20/2022 10:23:46 pm 1. TRAINING:
06/20/2022 10:29:50 pm Training:
06/20/2022 10:29:50 pm Loss: 0.06552506983280182
06/20/2022 10:29:50 pm Validation:
06/20/2022 10:29:50 pm Loss: 0.09149050712585449
06/20/2022 10:29:59 pm *********************************
06/20/2022 10:29:59 pm epoch: 113
06/20/2022 10:29:59 pm *********************************
06/20/2022 10:29:59 pm 1. TRAINING:
06/20/2022 10:35:56 pm Training:
06/20/2022 10:35:56 pm Loss: 0.0649351105093956
06/20/2022 10:35:56 pm Validation:
06/20/2022 10:35:56 pm Loss: 0.09228149056434631
06/20/2022 10:36:04 pm *********************************
06/20/2022 10:36:04 pm epoch: 114
06/20/2022 10:36:04 pm *********************************
06/20/2022 10:36:04 pm 1. TRAINING:
06/20/2022 10:42:10 pm Training:
06/20/2022 10:42:10 pm Loss: 0.06529006361961365
06/20/2022 10:42:10 pm Validation:
06/20/2022 10:42:10 pm Loss: 0.09270033985376358
06/20/2022 10:42:19 pm *********************************
06/20/2022 10:42:19 pm epoch: 115
06/20/2022 10:42:19 pm *********************************
06/20/2022 10:42:19 pm 1. TRAINING:
06/20/2022 10:48:28 pm Training:
06/20/2022 10:48:28 pm Loss: 0.06309021264314651
06/20/2022 10:48:28 pm Validation:
06/20/2022 10:48:28 pm Loss: 0.09233902394771576
06/20/2022 10:48:37 pm *********************************
06/20/2022 10:48:37 pm epoch: 116
06/20/2022 10:48:37 pm *********************************
06/20/2022 10:48:37 pm 1. TRAINING:
06/20/2022 10:54:45 pm Training:
06/20/2022 10:54:45 pm Loss: 0.06524322926998138
06/20/2022 10:54:45 pm Validation:
06/20/2022 10:54:45 pm Loss: 0.0921902060508728
06/20/2022 10:54:54 pm *********************************
06/20/2022 10:54:54 pm epoch: 117
06/20/2022 10:54:54 pm *********************************
06/20/2022 10:54:54 pm 1. TRAINING:
06/20/2022 11:01:01 pm Training:
06/20/2022 11:01:01 pm Loss: 0.06350772082805634
06/20/2022 11:01:01 pm Validation:
06/20/2022 11:01:01 pm Loss: 0.09248284250497818
06/20/2022 11:01:11 pm *********************************
06/20/2022 11:01:11 pm epoch: 118
06/20/2022 11:01:11 pm *********************************
06/20/2022 11:01:11 pm 1. TRAINING:
06/20/2022 11:07:17 pm Training:
06/20/2022 11:07:17 pm Loss: 0.06363338232040405
06/20/2022 11:07:17 pm Validation:
06/20/2022 11:07:17 pm Loss: 0.09415235370397568
06/20/2022 11:07:26 pm *********************************
06/20/2022 11:07:26 pm epoch: 119
06/20/2022 11:07:26 pm *********************************
06/20/2022 11:07:26 pm 1. TRAINING:
06/20/2022 11:13:34 pm Training:
06/20/2022 11:13:34 pm Loss: 0.06346640735864639
06/20/2022 11:13:34 pm Validation:
06/20/2022 11:13:34 pm Loss: 0.0923800989985466
06/20/2022 11:13:44 pm *********************************
06/20/2022 11:13:44 pm epoch: 120
06/20/2022 11:13:44 pm *********************************
06/20/2022 11:13:44 pm 1. TRAINING:
06/20/2022 11:19:45 pm Training:
06/20/2022 11:19:45 pm Loss: 0.06327726691961288
06/20/2022 11:19:45 pm Validation:
06/20/2022 11:19:45 pm Loss: 0.09235568344593048
06/20/2022 11:20:00 pm *********************************
06/20/2022 11:20:00 pm epoch: 121
06/20/2022 11:20:00 pm *********************************
06/20/2022 11:20:00 pm 1. TRAINING:
06/20/2022 11:26:11 pm Training:
06/20/2022 11:26:11 pm Loss: 0.06347423791885376
06/20/2022 11:26:11 pm Validation:
06/20/2022 11:26:11 pm Loss: 0.09297262877225876
06/20/2022 11:26:19 pm *********************************
06/20/2022 11:26:19 pm epoch: 122
06/20/2022 11:26:19 pm *********************************
06/20/2022 11:26:19 pm 1. TRAINING:
06/20/2022 11:32:26 pm Training:
06/20/2022 11:32:26 pm Loss: 0.06583545356988907
06/20/2022 11:32:26 pm Validation:
06/20/2022 11:32:26 pm Loss: 0.0929047018289566
06/20/2022 11:32:35 pm *********************************
06/20/2022 11:32:35 pm epoch: 123
06/20/2022 11:32:35 pm *********************************
06/20/2022 11:32:35 pm 1. TRAINING:
06/20/2022 11:38:42 pm Training:
06/20/2022 11:38:42 pm Loss: 0.06663571298122406
06/20/2022 11:38:42 pm Validation:
06/20/2022 11:38:42 pm Loss: 0.09153476357460022
06/20/2022 11:38:51 pm *********************************
06/20/2022 11:38:51 pm epoch: 124
06/20/2022 11:38:51 pm *********************************
06/20/2022 11:38:51 pm 1. TRAINING:
06/20/2022 11:44:58 pm Training:
06/20/2022 11:44:58 pm Loss: 0.06401140987873077
06/20/2022 11:44:58 pm Validation:
06/20/2022 11:44:58 pm Loss: 0.09188944101333618
06/20/2022 11:45:07 pm *********************************
06/20/2022 11:45:07 pm epoch: 125
06/20/2022 11:45:07 pm *********************************
06/20/2022 11:45:07 pm 1. TRAINING:
06/20/2022 11:51:16 pm Training:
06/20/2022 11:51:16 pm Loss: 0.06206190213561058
06/20/2022 11:51:16 pm Validation:
06/20/2022 11:51:16 pm Loss: 0.09342953562736511
06/20/2022 11:51:26 pm *********************************
06/20/2022 11:51:26 pm epoch: 126
06/20/2022 11:51:26 pm *********************************
06/20/2022 11:51:26 pm 1. TRAINING:
06/20/2022 11:57:37 pm Training:
06/20/2022 11:57:37 pm Loss: 0.0625259056687355
06/20/2022 11:57:37 pm Validation:
06/20/2022 11:57:37 pm Loss: 0.09306696057319641
06/20/2022 11:57:46 pm *********************************
06/20/2022 11:57:46 pm epoch: 127
06/20/2022 11:57:46 pm *********************************
06/20/2022 11:57:46 pm 1. TRAINING:
06/21/2022 12:03:55 am Training:
06/21/2022 12:03:55 am Loss: 0.06198520585894585
06/21/2022 12:03:55 am Validation:
06/21/2022 12:03:55 am Loss: 0.09530157595872879
06/21/2022 12:04:04 am *********************************
06/21/2022 12:04:04 am epoch: 128
06/21/2022 12:04:04 am *********************************
06/21/2022 12:04:04 am 1. TRAINING:
06/21/2022 12:10:07 am Training:
06/21/2022 12:10:07 am Loss: 0.062330957502126694
06/21/2022 12:10:07 am Validation:
06/21/2022 12:10:07 am Loss: 0.0942528173327446
06/21/2022 12:10:16 am *********************************
06/21/2022 12:10:16 am epoch: 129
06/21/2022 12:10:16 am *********************************
06/21/2022 12:10:16 am 1. TRAINING:
06/21/2022 12:16:17 am Training:
06/21/2022 12:16:17 am Loss: 0.06675226241350174
06/21/2022 12:16:17 am Validation:
06/21/2022 12:16:17 am Loss: 0.09394951909780502
06/21/2022 12:16:27 am *********************************
06/21/2022 12:16:27 am epoch: 130
06/21/2022 12:16:27 am *********************************
06/21/2022 12:16:27 am 1. TRAINING:
06/21/2022 12:22:37 am Training:
06/21/2022 12:22:37 am Loss: 0.06506963819265366
06/21/2022 12:22:37 am Validation:
06/21/2022 12:22:37 am Loss: 0.09602754563093185
06/21/2022 12:22:51 am *********************************
06/21/2022 12:22:51 am epoch: 131
06/21/2022 12:22:51 am *********************************
06/21/2022 12:22:51 am 1. TRAINING:
06/21/2022 12:29:00 am Training:
06/21/2022 12:29:00 am Loss: 0.06354670971632004
06/21/2022 12:29:00 am Validation:
06/21/2022 12:29:00 am Loss: 0.09460511058568954
06/21/2022 12:29:09 am *********************************
06/21/2022 12:29:09 am epoch: 132
06/21/2022 12:29:09 am *********************************
06/21/2022 12:29:09 am 1. TRAINING:
06/21/2022 12:35:22 am Training:
06/21/2022 12:35:22 am Loss: 0.061635084450244904
06/21/2022 12:35:22 am Validation:
06/21/2022 12:35:22 am Loss: 0.09392791241407394
06/21/2022 12:35:31 am *********************************
06/21/2022 12:35:31 am epoch: 133
06/21/2022 12:35:31 am *********************************
06/21/2022 12:35:31 am 1. TRAINING:
06/21/2022 12:41:46 am Training:
06/21/2022 12:41:46 am Loss: 0.06140764802694321
06/21/2022 12:41:46 am Validation:
06/21/2022 12:41:46 am Loss: 0.09564641863107681
06/21/2022 12:41:55 am *********************************
06/21/2022 12:41:55 am epoch: 134
06/21/2022 12:41:55 am *********************************
06/21/2022 12:41:55 am 1. TRAINING:
06/21/2022 12:48:07 am Training:
06/21/2022 12:48:07 am Loss: 0.06436388194561005
06/21/2022 12:48:07 am Validation:
06/21/2022 12:48:07 am Loss: 0.09392260760068893
06/21/2022 12:48:17 am *********************************
06/21/2022 12:48:17 am epoch: 135
06/21/2022 12:48:17 am *********************************
06/21/2022 12:48:17 am 1. TRAINING:
06/21/2022 12:54:30 am Training:
06/21/2022 12:54:30 am Loss: 0.061665721237659454
06/21/2022 12:54:30 am Validation:
06/21/2022 12:54:30 am Loss: 0.09605119377374649
06/21/2022 12:54:40 am *********************************
06/21/2022 12:54:40 am epoch: 136
06/21/2022 12:54:40 am *********************************
06/21/2022 12:54:40 am 1. TRAINING:
06/21/2022 01:00:55 am Training:
06/21/2022 01:00:55 am Loss: 0.06067000329494476
06/21/2022 01:00:55 am Validation:
06/21/2022 01:00:55 am Loss: 0.09719743579626083
06/21/2022 01:01:04 am *********************************
06/21/2022 01:01:04 am epoch: 137
06/21/2022 01:01:04 am *********************************
06/21/2022 01:01:04 am 1. TRAINING:
06/21/2022 01:07:18 am Training:
06/21/2022 01:07:18 am Loss: 0.06271839886903763
06/21/2022 01:07:18 am Validation:
06/21/2022 01:07:18 am Loss: 0.09711086750030518
06/21/2022 01:07:27 am *********************************
06/21/2022 01:07:27 am epoch: 138
06/21/2022 01:07:27 am *********************************
06/21/2022 01:07:27 am 1. TRAINING:
06/21/2022 01:13:36 am Training:
06/21/2022 01:13:36 am Loss: 0.060631994158029556
06/21/2022 01:13:36 am Validation:
06/21/2022 01:13:36 am Loss: 0.09651568531990051
06/21/2022 01:13:46 am *********************************
06/21/2022 01:13:46 am epoch: 139
06/21/2022 01:13:46 am *********************************
06/21/2022 01:13:46 am 1. TRAINING:
06/21/2022 01:20:00 am Training:
06/21/2022 01:20:00 am Loss: 0.060552313923835754
06/21/2022 01:20:00 am Validation:
06/21/2022 01:20:00 am Loss: 0.0962776392698288
06/21/2022 01:20:09 am *********************************
06/21/2022 01:20:09 am epoch: 140
06/21/2022 01:20:09 am *********************************
06/21/2022 01:20:09 am 1. TRAINING:
06/21/2022 01:26:18 am Training:
06/21/2022 01:26:18 am Loss: 0.06215814873576164
06/21/2022 01:26:18 am Validation:
06/21/2022 01:26:18 am Loss: 0.09543880075216293
06/21/2022 01:26:33 am *********************************
06/21/2022 01:26:33 am epoch: 141
06/21/2022 01:26:33 am *********************************
06/21/2022 01:26:33 am 1. TRAINING:
06/21/2022 01:32:46 am Training:
06/21/2022 01:32:46 am Loss: 0.06044607236981392
06/21/2022 01:32:46 am Validation:
06/21/2022 01:32:46 am Loss: 0.09698878228664398
06/21/2022 01:32:55 am *********************************
06/21/2022 01:32:55 am epoch: 142
06/21/2022 01:32:55 am *********************************
06/21/2022 01:32:55 am 1. TRAINING:
06/21/2022 01:39:01 am Training:
06/21/2022 01:39:01 am Loss: 0.0620412603020668
06/21/2022 01:39:01 am Validation:
06/21/2022 01:39:01 am Loss: 0.09299847483634949
06/21/2022 01:39:10 am *********************************
06/21/2022 01:39:10 am epoch: 143
06/21/2022 01:39:10 am *********************************
06/21/2022 01:39:10 am 1. TRAINING:
06/21/2022 01:45:24 am Training:
06/21/2022 01:45:24 am Loss: 0.06022151559591293
06/21/2022 01:45:24 am Validation:
06/21/2022 01:45:24 am Loss: 0.09788576513528824
06/21/2022 01:45:34 am *********************************
06/21/2022 01:45:34 am epoch: 144
06/21/2022 01:45:34 am *********************************
06/21/2022 01:45:34 am 1. TRAINING:
06/21/2022 01:51:44 am Training:
06/21/2022 01:51:44 am Loss: 0.06069432944059372
06/21/2022 01:51:44 am Validation:
06/21/2022 01:51:44 am Loss: 0.09836619347333908
06/21/2022 01:51:53 am *********************************
06/21/2022 01:51:53 am epoch: 145
06/21/2022 01:51:53 am *********************************
06/21/2022 01:51:53 am 1. TRAINING:
06/21/2022 01:57:56 am Training:
06/21/2022 01:57:56 am Loss: 0.06007399410009384
06/21/2022 01:57:56 am Validation:
06/21/2022 01:57:56 am Loss: 0.09471510350704193
06/21/2022 01:58:05 am *********************************
06/21/2022 01:58:05 am epoch: 146
06/21/2022 01:58:05 am *********************************
06/21/2022 01:58:05 am 1. TRAINING:
06/21/2022 02:04:18 am Training:
06/21/2022 02:04:18 am Loss: 0.06203872337937355
06/21/2022 02:04:18 am Validation:
06/21/2022 02:04:18 am Loss: 0.09393848478794098
06/21/2022 02:04:27 am *********************************
06/21/2022 02:04:27 am epoch: 147
06/21/2022 02:04:27 am *********************************
06/21/2022 02:04:27 am 1. TRAINING:
06/21/2022 02:10:33 am Training:
06/21/2022 02:10:33 am Loss: 0.05998965725302696
06/21/2022 02:10:33 am Validation:
06/21/2022 02:10:33 am Loss: 0.0947018638253212
06/21/2022 02:10:42 am *********************************
06/21/2022 02:10:42 am epoch: 148
06/21/2022 02:10:42 am *********************************
06/21/2022 02:10:42 am 1. TRAINING:
06/21/2022 02:16:45 am Training:
06/21/2022 02:16:45 am Loss: 0.07407909631729126
06/21/2022 02:16:45 am Validation:
06/21/2022 02:16:45 am Loss: 0.09358008950948715
06/21/2022 02:16:54 am *********************************
06/21/2022 02:16:54 am epoch: 149
06/21/2022 02:16:54 am *********************************
06/21/2022 02:16:54 am 1. TRAINING:
06/21/2022 02:22:58 am Training:
06/21/2022 02:22:58 am Loss: 0.06582003086805344
06/21/2022 02:22:58 am Validation:
06/21/2022 02:22:58 am Loss: 0.09231333434581757
06/21/2022 02:23:07 am *********************************
06/21/2022 02:23:07 am epoch: 150
06/21/2022 02:23:07 am *********************************
06/21/2022 02:23:07 am 1. TRAINING:
06/21/2022 02:29:17 am Training:
06/21/2022 02:29:17 am Loss: 0.06282033026218414
06/21/2022 02:29:17 am Validation:
06/21/2022 02:29:17 am Loss: 0.09380816668272018
06/21/2022 02:29:32 am *********************************
06/21/2022 02:29:32 am epoch: 151
06/21/2022 02:29:32 am *********************************
06/21/2022 02:29:32 am 1. TRAINING:
06/21/2022 02:35:46 am Training:
06/21/2022 02:35:46 am Loss: 0.06260625272989273
06/21/2022 02:35:46 am Validation:
06/21/2022 02:35:46 am Loss: 0.09404469281435013
06/21/2022 02:35:55 am *********************************
06/21/2022 02:35:55 am epoch: 152
06/21/2022 02:35:55 am *********************************
06/21/2022 02:35:55 am 1. TRAINING:
06/21/2022 02:42:01 am Training:
06/21/2022 02:42:01 am Loss: 0.06019098684191704
06/21/2022 02:42:01 am Validation:
06/21/2022 02:42:01 am Loss: 0.09640232473611832
06/21/2022 02:42:10 am *********************************
06/21/2022 02:42:10 am epoch: 153
06/21/2022 02:42:10 am *********************************
06/21/2022 02:42:10 am 1. TRAINING:
06/21/2022 02:48:11 am Training:
06/21/2022 02:48:11 am Loss: 0.05994396656751633
06/21/2022 02:48:11 am Validation:
06/21/2022 02:48:11 am Loss: 0.09451952576637268
06/21/2022 02:48:19 am *********************************
06/21/2022 02:48:19 am epoch: 154
06/21/2022 02:48:19 am *********************************
06/21/2022 02:48:19 am 1. TRAINING:
06/21/2022 02:54:25 am Training:
06/21/2022 02:54:25 am Loss: 0.05909259244799614
06/21/2022 02:54:25 am Validation:
06/21/2022 02:54:25 am Loss: 0.09627573192119598
06/21/2022 02:54:34 am *********************************
06/21/2022 02:54:34 am epoch: 155
06/21/2022 02:54:34 am *********************************
06/21/2022 02:54:34 am 1. TRAINING:
06/21/2022 03:00:41 am Training:
06/21/2022 03:00:41 am Loss: 0.05861188471317291
06/21/2022 03:00:41 am Validation:
06/21/2022 03:00:41 am Loss: 0.09641247242689133
06/21/2022 03:00:50 am *********************************
06/21/2022 03:00:50 am epoch: 156
06/21/2022 03:00:50 am *********************************
06/21/2022 03:00:50 am 1. TRAINING:
06/21/2022 03:06:54 am Training:
06/21/2022 03:06:54 am Loss: 0.06089344248175621
06/21/2022 03:06:54 am Validation:
06/21/2022 03:06:54 am Loss: 0.0947825089097023
06/21/2022 03:07:04 am *********************************
06/21/2022 03:07:04 am epoch: 157
06/21/2022 03:07:04 am *********************************
06/21/2022 03:07:04 am 1. TRAINING:
06/21/2022 03:12:58 am Training:
06/21/2022 03:12:58 am Loss: 0.05946183577179909
06/21/2022 03:12:58 am Validation:
06/21/2022 03:12:58 am Loss: 0.09336177259683609
06/21/2022 03:13:07 am *********************************
06/21/2022 03:13:07 am epoch: 158
06/21/2022 03:13:07 am *********************************
06/21/2022 03:13:07 am 1. TRAINING:
06/21/2022 03:19:10 am Training:
06/21/2022 03:19:10 am Loss: 0.06392984837293625
06/21/2022 03:19:10 am Validation:
06/21/2022 03:19:10 am Loss: 0.09448336064815521
06/21/2022 03:19:19 am *********************************
06/21/2022 03:19:19 am epoch: 159
06/21/2022 03:19:19 am *********************************
06/21/2022 03:19:19 am 1. TRAINING:
06/21/2022 03:25:25 am Training:
06/21/2022 03:25:25 am Loss: 0.06256578117609024
06/21/2022 03:25:25 am Validation:
06/21/2022 03:25:25 am Loss: 0.1045040562748909
06/21/2022 03:25:34 am *********************************
06/21/2022 03:25:34 am epoch: 160
06/21/2022 03:25:34 am *********************************
06/21/2022 03:25:34 am 1. TRAINING:
06/21/2022 03:31:36 am Training:
06/21/2022 03:31:36 am Loss: 0.06405332684516907
06/21/2022 03:31:36 am Validation:
06/21/2022 03:31:36 am Loss: 0.09680721163749695
06/21/2022 03:31:50 am *********************************
06/21/2022 03:31:50 am epoch: 161
06/21/2022 03:31:50 am *********************************
06/21/2022 03:31:50 am 1. TRAINING:
06/21/2022 03:37:56 am Training:
06/21/2022 03:37:56 am Loss: 0.05975937843322754
06/21/2022 03:37:56 am Validation:
06/21/2022 03:37:56 am Loss: 0.09666130691766739
06/21/2022 03:38:05 am *********************************
06/21/2022 03:38:05 am epoch: 162
06/21/2022 03:38:05 am *********************************
06/21/2022 03:38:05 am 1. TRAINING:
06/21/2022 03:44:12 am Training:
06/21/2022 03:44:12 am Loss: 0.0578489676117897
06/21/2022 03:44:12 am Validation:
06/21/2022 03:44:12 am Loss: 0.09959921985864639
06/21/2022 03:44:21 am *********************************
06/21/2022 03:44:21 am epoch: 163
06/21/2022 03:44:21 am *********************************
06/21/2022 03:44:21 am 1. TRAINING:
06/21/2022 03:50:27 am Training:
06/21/2022 03:50:27 am Loss: 0.05825638771057129
06/21/2022 03:50:27 am Validation:
06/21/2022 03:50:27 am Loss: 0.09672633558511734
06/21/2022 03:50:37 am *********************************
06/21/2022 03:50:37 am epoch: 164
06/21/2022 03:50:37 am *********************************
06/21/2022 03:50:37 am 1. TRAINING:
06/21/2022 03:56:42 am Training:
06/21/2022 03:56:42 am Loss: 0.05841168761253357
06/21/2022 03:56:42 am Validation:
06/21/2022 03:56:42 am Loss: 0.09895207732915878
06/21/2022 03:56:51 am *********************************
06/21/2022 03:56:51 am epoch: 165
06/21/2022 03:56:51 am *********************************
06/21/2022 03:56:51 am 1. TRAINING:
06/21/2022 04:02:57 am Training:
06/21/2022 04:02:57 am Loss: 0.059598471969366074
06/21/2022 04:02:57 am Validation:
06/21/2022 04:02:57 am Loss: 0.09621137380599976
06/21/2022 04:03:06 am *********************************
06/21/2022 04:03:06 am epoch: 166
06/21/2022 04:03:06 am *********************************
06/21/2022 04:03:06 am 1. TRAINING:
06/21/2022 04:09:16 am Training:
06/21/2022 04:09:16 am Loss: 0.06766296923160553
06/21/2022 04:09:16 am Validation:
06/21/2022 04:09:16 am Loss: 0.09908414632081985
06/21/2022 04:09:27 am *********************************
06/21/2022 04:09:27 am epoch: 167
06/21/2022 04:09:27 am *********************************
06/21/2022 04:09:27 am 1. TRAINING:
06/21/2022 04:15:33 am Training:
06/21/2022 04:15:33 am Loss: 0.05818135291337967
06/21/2022 04:15:33 am Validation:
06/21/2022 04:15:33 am Loss: 0.09655798226594925
06/21/2022 04:15:43 am *********************************
06/21/2022 04:15:43 am epoch: 168
06/21/2022 04:15:43 am *********************************
06/21/2022 04:15:43 am 1. TRAINING:
06/21/2022 04:21:49 am Training:
06/21/2022 04:21:49 am Loss: 0.057246774435043335
06/21/2022 04:21:49 am Validation:
06/21/2022 04:21:49 am Loss: 0.09941276907920837
06/21/2022 04:21:58 am *********************************
06/21/2022 04:21:58 am epoch: 169
06/21/2022 04:21:58 am *********************************
06/21/2022 04:21:58 am 1. TRAINING:
06/21/2022 04:28:05 am Training:
06/21/2022 04:28:05 am Loss: 0.056389544159173965
06/21/2022 04:28:05 am Validation:
06/21/2022 04:28:05 am Loss: 0.10019709914922714
06/21/2022 04:28:15 am *********************************
06/21/2022 04:28:15 am epoch: 170
06/21/2022 04:28:15 am *********************************
06/21/2022 04:28:15 am 1. TRAINING:
06/21/2022 04:34:20 am Training:
06/21/2022 04:34:20 am Loss: 0.05765342712402344
06/21/2022 04:34:20 am Validation:
06/21/2022 04:34:20 am Loss: 0.09970059990882874
06/21/2022 04:34:35 am *********************************
06/21/2022 04:34:35 am epoch: 171
06/21/2022 04:34:35 am *********************************
06/21/2022 04:34:35 am 1. TRAINING:
06/21/2022 04:40:44 am Training:
06/21/2022 04:40:44 am Loss: 0.057627055794000626
06/21/2022 04:40:44 am Validation:
06/21/2022 04:40:44 am Loss: 0.09852951765060425
06/21/2022 04:40:54 am *********************************
06/21/2022 04:40:54 am epoch: 172
06/21/2022 04:40:54 am *********************************
06/21/2022 04:40:54 am 1. TRAINING:
06/21/2022 04:47:03 am Training:
06/21/2022 04:47:03 am Loss: 0.05875124782323837
06/21/2022 04:47:03 am Validation:
06/21/2022 04:47:03 am Loss: 0.10053708404302597
06/21/2022 04:47:11 am *********************************
06/21/2022 04:47:11 am epoch: 173
06/21/2022 04:47:11 am *********************************
06/21/2022 04:47:11 am 1. TRAINING:
06/21/2022 04:53:21 am Training:
06/21/2022 04:53:21 am Loss: 0.062320392578840256
06/21/2022 04:53:21 am Validation:
06/21/2022 04:53:21 am Loss: 0.09299597889184952
06/21/2022 04:53:30 am *********************************
06/21/2022 04:53:30 am epoch: 174
06/21/2022 04:53:30 am *********************************
06/21/2022 04:53:30 am 1. TRAINING:
06/21/2022 04:59:41 am Training:
06/21/2022 04:59:41 am Loss: 0.05899648740887642
06/21/2022 04:59:41 am Validation:
06/21/2022 04:59:41 am Loss: 0.09529227018356323
06/21/2022 04:59:51 am *********************************
06/21/2022 04:59:51 am epoch: 175
06/21/2022 04:59:51 am *********************************
06/21/2022 04:59:51 am 1. TRAINING:
06/21/2022 05:06:04 am Training:
06/21/2022 05:06:04 am Loss: 0.057694368064403534
06/21/2022 05:06:04 am Validation:
06/21/2022 05:06:04 am Loss: 0.09811422973871231
06/21/2022 05:06:12 am *********************************
06/21/2022 05:06:12 am epoch: 176
06/21/2022 05:06:12 am *********************************
06/21/2022 05:06:12 am 1. TRAINING:
06/21/2022 05:12:18 am Training:
06/21/2022 05:12:18 am Loss: 0.05680643767118454
06/21/2022 05:12:18 am Validation:
06/21/2022 05:12:18 am Loss: 0.09916465729475021
06/21/2022 05:12:29 am *********************************
06/21/2022 05:12:29 am epoch: 177
06/21/2022 05:12:29 am *********************************
06/21/2022 05:12:29 am 1. TRAINING:
06/21/2022 05:18:43 am Training:
06/21/2022 05:18:43 am Loss: 0.059708017855882645
06/21/2022 05:18:43 am Validation:
06/21/2022 05:18:43 am Loss: 0.1025606021285057
06/21/2022 05:18:52 am *********************************
06/21/2022 05:18:52 am epoch: 178
06/21/2022 05:18:52 am *********************************
06/21/2022 05:18:52 am 1. TRAINING:
06/21/2022 05:25:05 am Training:
06/21/2022 05:25:05 am Loss: 0.05696425214409828
06/21/2022 05:25:05 am Validation:
06/21/2022 05:25:05 am Loss: 0.09638361632823944
06/21/2022 05:25:14 am *********************************
06/21/2022 05:25:14 am epoch: 179
06/21/2022 05:25:14 am *********************************
06/21/2022 05:25:14 am 1. TRAINING:
06/21/2022 05:31:28 am Training:
06/21/2022 05:31:28 am Loss: 0.058087289333343506
06/21/2022 05:31:28 am Validation:
06/21/2022 05:31:28 am Loss: 0.10003498196601868
06/21/2022 05:31:37 am *********************************
06/21/2022 05:31:37 am epoch: 180
06/21/2022 05:31:37 am *********************************
06/21/2022 05:31:37 am 1. TRAINING:
06/21/2022 05:37:49 am Training:
06/21/2022 05:37:49 am Loss: 0.058414675295352936
06/21/2022 05:37:49 am Validation:
06/21/2022 05:37:49 am Loss: 0.0996895506978035
06/21/2022 05:38:05 am *********************************
06/21/2022 05:38:05 am epoch: 181
06/21/2022 05:38:05 am *********************************
06/21/2022 05:38:05 am 1. TRAINING:
06/21/2022 05:44:17 am Training:
06/21/2022 05:44:17 am Loss: 0.056530918926000595
06/21/2022 05:44:17 am Validation:
06/21/2022 05:44:17 am Loss: 0.09873542189598083
06/21/2022 05:44:26 am *********************************
06/21/2022 05:44:26 am epoch: 182
06/21/2022 05:44:26 am *********************************
06/21/2022 05:44:26 am 1. TRAINING:
06/21/2022 05:50:33 am Training:
06/21/2022 05:50:33 am Loss: 0.057917654514312744
06/21/2022 05:50:33 am Validation:
06/21/2022 05:50:33 am Loss: 0.0971905067563057
06/21/2022 05:50:42 am *********************************
06/21/2022 05:50:42 am epoch: 183
06/21/2022 05:50:42 am *********************************
06/21/2022 05:50:42 am 1. TRAINING:
06/21/2022 05:56:49 am Training:
06/21/2022 05:56:49 am Loss: 0.057216741144657135
06/21/2022 05:56:49 am Validation:
06/21/2022 05:56:49 am Loss: 0.10045777261257172
06/21/2022 05:56:58 am *********************************
06/21/2022 05:56:58 am epoch: 184
06/21/2022 05:56:58 am *********************************
06/21/2022 05:56:58 am 1. TRAINING:
06/21/2022 06:03:11 am Training:
06/21/2022 06:03:11 am Loss: 0.06397175788879395
06/21/2022 06:03:11 am Validation:
06/21/2022 06:03:11 am Loss: 0.09826251864433289
06/21/2022 06:03:22 am *********************************
06/21/2022 06:03:22 am epoch: 185
06/21/2022 06:03:22 am *********************************
06/21/2022 06:03:22 am 1. TRAINING:
06/21/2022 06:09:27 am Training:
06/21/2022 06:09:27 am Loss: 0.05686086788773537
06/21/2022 06:09:27 am Validation:
06/21/2022 06:09:27 am Loss: 0.10064942389726639
06/21/2022 06:09:37 am *********************************
06/21/2022 06:09:37 am epoch: 186
06/21/2022 06:09:37 am *********************************
06/21/2022 06:09:37 am 1. TRAINING:
06/21/2022 06:15:40 am Training:
06/21/2022 06:15:40 am Loss: 0.05539679899811745
06/21/2022 06:15:40 am Validation:
06/21/2022 06:15:40 am Loss: 0.09861220419406891
06/21/2022 06:15:49 am *********************************
06/21/2022 06:15:49 am epoch: 187
06/21/2022 06:15:49 am *********************************
06/21/2022 06:15:49 am 1. TRAINING:
06/21/2022 06:21:55 am Training:
06/21/2022 06:21:55 am Loss: 0.05554790794849396
06/21/2022 06:21:55 am Validation:
06/21/2022 06:21:55 am Loss: 0.0986151322722435
06/21/2022 06:22:04 am *********************************
06/21/2022 06:22:04 am epoch: 188
06/21/2022 06:22:04 am *********************************
06/21/2022 06:22:04 am 1. TRAINING:
06/21/2022 06:28:06 am Training:
06/21/2022 06:28:06 am Loss: 0.05996247008442879
06/21/2022 06:28:06 am Validation:
06/21/2022 06:28:06 am Loss: 0.0958050861954689
06/21/2022 06:28:15 am *********************************
06/21/2022 06:28:15 am epoch: 189
06/21/2022 06:28:15 am *********************************
06/21/2022 06:28:15 am 1. TRAINING:
06/21/2022 06:33:50 am Training:
06/21/2022 06:33:50 am Loss: 0.05740790441632271
06/21/2022 06:33:50 am Validation:
06/21/2022 06:33:50 am Loss: 0.09947919845581055
06/21/2022 06:33:59 am *********************************
06/21/2022 06:33:59 am epoch: 190
06/21/2022 06:33:59 am *********************************
06/21/2022 06:33:59 am 1. TRAINING:
06/21/2022 06:39:30 am Training:
06/21/2022 06:39:30 am Loss: 0.05762585252523422
06/21/2022 06:39:30 am Validation:
06/21/2022 06:39:30 am Loss: 0.10414862632751465
06/21/2022 06:39:45 am *********************************
06/21/2022 06:39:45 am epoch: 191
06/21/2022 06:39:45 am *********************************
06/21/2022 06:39:45 am 1. TRAINING:
06/21/2022 06:45:19 am Training:
06/21/2022 06:45:19 am Loss: 0.05671226978302002
06/21/2022 06:45:19 am Validation:
06/21/2022 06:45:19 am Loss: 0.09978701174259186
06/21/2022 06:45:28 am *********************************
06/21/2022 06:45:28 am epoch: 192
06/21/2022 06:45:28 am *********************************
06/21/2022 06:45:28 am 1. TRAINING:
06/21/2022 06:50:59 am Training:
06/21/2022 06:50:59 am Loss: 0.05769673362374306
06/21/2022 06:50:59 am Validation:
06/21/2022 06:50:59 am Loss: 0.09950877726078033
06/21/2022 06:51:08 am *********************************
06/21/2022 06:51:08 am epoch: 193
06/21/2022 06:51:08 am *********************************
06/21/2022 06:51:08 am 1. TRAINING:
06/21/2022 06:56:43 am Training:
06/21/2022 06:56:43 am Loss: 0.05569656565785408
06/21/2022 06:56:43 am Validation:
06/21/2022 06:56:43 am Loss: 0.10050155222415924
06/21/2022 06:56:52 am *********************************
06/21/2022 06:56:52 am epoch: 194
06/21/2022 06:56:52 am *********************************
06/21/2022 06:56:52 am 1. TRAINING:
06/21/2022 07:02:49 am Training:
06/21/2022 07:02:49 am Loss: 0.05579999461770058
06/21/2022 07:02:49 am Validation:
06/21/2022 07:02:49 am Loss: 0.10021060705184937
06/21/2022 07:02:59 am *********************************
06/21/2022 07:02:59 am epoch: 195
06/21/2022 07:02:59 am *********************************
06/21/2022 07:02:59 am 1. TRAINING:
06/21/2022 07:08:53 am Training:
06/21/2022 07:08:53 am Loss: 0.059441544115543365
06/21/2022 07:08:53 am Validation:
06/21/2022 07:08:53 am Loss: 0.10083777457475662
06/21/2022 07:09:02 am *********************************
06/21/2022 07:09:02 am epoch: 196
06/21/2022 07:09:02 am *********************************
06/21/2022 07:09:02 am 1. TRAINING:
06/21/2022 07:14:53 am Training:
06/21/2022 07:14:53 am Loss: 0.05596184730529785
06/21/2022 07:14:53 am Validation:
06/21/2022 07:14:53 am Loss: 0.09983941167593002
06/21/2022 07:15:02 am *********************************
06/21/2022 07:15:02 am epoch: 197
06/21/2022 07:15:02 am *********************************
06/21/2022 07:15:02 am 1. TRAINING:
06/21/2022 07:20:41 am Training:
06/21/2022 07:20:41 am Loss: 0.05516309663653374
06/21/2022 07:20:41 am Validation:
06/21/2022 07:20:41 am Loss: 0.1033250018954277
06/21/2022 07:20:50 am *********************************
06/21/2022 07:20:50 am epoch: 198
06/21/2022 07:20:50 am *********************************
06/21/2022 07:20:50 am 1. TRAINING:
06/21/2022 07:26:41 am Training:
06/21/2022 07:26:41 am Loss: 0.06134083494544029
06/21/2022 07:26:41 am Validation:
06/21/2022 07:26:41 am Loss: 0.10324282199144363
06/21/2022 07:26:50 am *********************************
06/21/2022 07:26:50 am epoch: 199
06/21/2022 07:26:50 am *********************************
06/21/2022 07:26:50 am 1. TRAINING:
06/21/2022 07:32:45 am Training:
06/21/2022 07:32:45 am Loss: 0.055053193122148514
06/21/2022 07:32:45 am Validation:
06/21/2022 07:32:45 am Loss: 0.10281193256378174
06/21/2022 07:32:54 am *********************************
06/21/2022 07:32:54 am epoch: 200
06/21/2022 07:32:54 am *********************************
06/21/2022 07:32:54 am 1. TRAINING:
06/21/2022 07:38:43 am Training:
06/21/2022 07:38:43 am Loss: 0.054440733045339584
06/21/2022 07:38:43 am Validation:
06/21/2022 07:38:43 am Loss: 0.10137420147657394
06/21/2022 07:38:58 am *********************************
06/21/2022 07:38:58 am epoch: 201
06/21/2022 07:38:58 am *********************************
06/21/2022 07:38:58 am 1. TRAINING:
06/21/2022 07:44:44 am Training:
06/21/2022 07:44:44 am Loss: 0.055289968848228455
06/21/2022 07:44:44 am Validation:
06/21/2022 07:44:44 am Loss: 0.09930622577667236
06/21/2022 07:44:53 am *********************************
06/21/2022 07:44:53 am epoch: 202
06/21/2022 07:44:53 am *********************************
06/21/2022 07:44:53 am 1. TRAINING:
06/21/2022 07:50:41 am Training:
06/21/2022 07:50:41 am Loss: 0.05809355899691582
06/21/2022 07:50:41 am Validation:
06/21/2022 07:50:41 am Loss: 0.09788445383310318
06/21/2022 07:50:52 am *********************************
06/21/2022 07:50:52 am epoch: 203
06/21/2022 07:50:52 am *********************************
06/21/2022 07:50:52 am 1. TRAINING:
06/21/2022 07:56:42 am Training:
06/21/2022 07:56:42 am Loss: 0.057451993227005005
06/21/2022 07:56:42 am Validation:
06/21/2022 07:56:42 am Loss: 0.09984171390533447
06/21/2022 07:56:51 am *********************************
06/21/2022 07:56:51 am epoch: 204
06/21/2022 07:56:51 am *********************************
06/21/2022 07:56:51 am 1. TRAINING:
06/21/2022 08:02:33 am Training:
06/21/2022 08:02:33 am Loss: 0.05542532727122307
06/21/2022 08:02:33 am Validation:
06/21/2022 08:02:33 am Loss: 0.1010538637638092
06/21/2022 08:02:42 am *********************************
06/21/2022 08:02:42 am epoch: 205
06/21/2022 08:02:42 am *********************************
06/21/2022 08:02:42 am 1. TRAINING:
06/21/2022 08:08:34 am Training:
06/21/2022 08:08:34 am Loss: 0.05470503866672516
06/21/2022 08:08:34 am Validation:
06/21/2022 08:08:34 am Loss: 0.1010485514998436
06/21/2022 08:08:43 am *********************************
06/21/2022 08:08:43 am epoch: 206
06/21/2022 08:08:43 am *********************************
06/21/2022 08:08:43 am 1. TRAINING:
06/21/2022 08:14:28 am Training:
06/21/2022 08:14:28 am Loss: 0.05515439435839653
06/21/2022 08:14:28 am Validation:
06/21/2022 08:14:28 am Loss: 0.10423803329467773
06/21/2022 08:14:37 am *********************************
06/21/2022 08:14:37 am epoch: 207
06/21/2022 08:14:37 am *********************************
06/21/2022 08:14:37 am 1. TRAINING:
06/21/2022 08:20:32 am Training:
06/21/2022 08:20:32 am Loss: 0.05400184541940689
06/21/2022 08:20:32 am Validation:
06/21/2022 08:20:32 am Loss: 0.1025296002626419
06/21/2022 08:20:41 am *********************************
06/21/2022 08:20:41 am epoch: 208
06/21/2022 08:20:41 am *********************************
06/21/2022 08:20:41 am 1. TRAINING:
06/21/2022 08:26:31 am Training:
06/21/2022 08:26:31 am Loss: 0.05848914757370949
06/21/2022 08:26:31 am Validation:
06/21/2022 08:26:31 am Loss: 0.09803786873817444
06/21/2022 08:26:41 am *********************************
06/21/2022 08:26:41 am epoch: 209
06/21/2022 08:26:41 am *********************************
06/21/2022 08:26:41 am 1. TRAINING:
